Using pre-set license
Built from '2021.3/staging' branch; Version is '2021.3.8f1 (b30333d56e81) revision 11731763'; Using compiler version '192829333'; Build Type 'Release'
OS: 'Windows 10  (10.0.19044) 64bit ProfessionalEducation' Language: 'en' Physical Memory: 16281 MB
BatchMode: 1, IsHumanControllingUs: 0, StartBugReporterOnCrash: 0, Is64bit: 1, IsPro: 1

COMMAND LINE ARGUMENTS:
C:\Program Files\Unity\Hub\Editor\2021.3.8f1\Editor\Unity.exe
-adb2
-batchMode
-noUpm
-name
AssetImportWorker1
-projectPath
C:/Users/sampu/Desktop/Unity Projects/Combined
-logFile
Logs/AssetImportWorker1.log
-srvPort
65465
Successfully changed project path to: C:/Users/sampu/Desktop/Unity Projects/Combined
C:/Users/sampu/Desktop/Unity Projects/Combined
[UnityMemory] Configuration Parameters - Can be set up in boot.config
    "memorysetup-bucket-allocator-granularity=16"
    "memorysetup-bucket-allocator-bucket-count=8"
    "memorysetup-bucket-allocator-block-size=33554432"
    "memorysetup-bucket-allocator-block-count=8"
    "memorysetup-main-allocator-block-size=16777216"
    "memorysetup-thread-allocator-block-size=16777216"
    "memorysetup-gfx-main-allocator-block-size=16777216"
    "memorysetup-gfx-thread-allocator-block-size=16777216"
    "memorysetup-cache-allocator-block-size=4194304"
    "memorysetup-typetree-allocator-block-size=2097152"
    "memorysetup-profiler-bucket-allocator-granularity=16"
    "memorysetup-profiler-bucket-allocator-bucket-count=8"
    "memorysetup-profiler-bucket-allocator-block-size=33554432"
    "memorysetup-profiler-bucket-allocator-block-count=8"
    "memorysetup-profiler-allocator-block-size=16777216"
    "memorysetup-profiler-editor-allocator-block-size=1048576"
    "memorysetup-temp-allocator-size-main=16777216"
    "memorysetup-job-temp-allocator-block-size=2097152"
    "memorysetup-job-temp-allocator-block-size-background=1048576"
    "memorysetup-job-temp-allocator-reduction-small-platforms=262144"
    "memorysetup-temp-allocator-size-background-worker=32768"
    "memorysetup-temp-allocator-size-job-worker=262144"
    "memorysetup-temp-allocator-size-preload-manager=33554432"
    "memorysetup-temp-allocator-size-nav-mesh-worker=65536"
    "memorysetup-temp-allocator-size-audio-worker=65536"
    "memorysetup-temp-allocator-size-cloud-worker=32768"
    "memorysetup-temp-allocator-size-gi-baking-worker=262144"
    "memorysetup-temp-allocator-size-gfx=262144"
Refreshing native plugins compatible for Editor in 123.05 ms, found 3 plugins.
Preloading 0 native plugins for Editor in 0.00 ms.
Initialize engine version: 2021.3.8f1 (b30333d56e81)
[Subsystems] Discovering subsystems at path C:/Program Files/Unity/Hub/Editor/2021.3.8f1/Editor/Data/Resources/UnitySubsystems
[Subsystems] Discovering subsystems at path C:/Users/sampu/Desktop/Unity Projects/Combined/Assets
GfxDevice: creating device client; threaded=0; jobified=0
Direct3D:
    Version:  Direct3D 11.0 [level 11.1]
    Renderer: Radeon (TM) 530 (ID=0x6900)
    Vendor:   ATI
    VRAM:     4086 MB
    Driver:   27.20.20913.2000
Initialize mono
Mono path[0] = 'C:/Program Files/Unity/Hub/Editor/2021.3.8f1/Editor/Data/Managed'
Mono path[1] = 'C:/Program Files/Unity/Hub/Editor/2021.3.8f1/Editor/Data/MonoBleedingEdge/lib/mono/unityjit-win32'
Mono config path = 'C:/Program Files/Unity/Hub/Editor/2021.3.8f1/Editor/Data/MonoBleedingEdge/etc'
Using monoOptions --debugger-agent=transport=dt_socket,embedding=1,server=y,suspend=n,address=127.0.0.1:56768
Begin MonoManager ReloadAssembly
Registering precompiled unity dll's ...
Register platform support module: C:/Program Files/Unity/Hub/Editor/2021.3.8f1/Editor/Data/PlaybackEngines/WindowsStandaloneSupport/UnityEditor.WindowsStandalone.Extensions.dll
Registered in 0.008555 seconds.
Native extension for WindowsStandalone target not found
Refreshing native plugins compatible for Editor in 209.51 ms, found 3 plugins.
Preloading 0 native plugins for Editor in 0.00 ms.
Mono: successfully reloaded assembly
- Completed reload, in  0.917 seconds
Domain Reload Profiling:
	ReloadAssembly (918ms)
		BeginReloadAssembly (90ms)
			ExecutionOrderSort (0ms)
			DisableScriptedObjects (0ms)
			BackupInstance (0ms)
			ReleaseScriptingObjects (0ms)
			CreateAndSetChildDomain (1ms)
		EndReloadAssembly (692ms)
			LoadAssemblies (87ms)
			RebuildTransferFunctionScriptingTraits (0ms)
			SetupTypeCache (134ms)
			ReleaseScriptCaches (0ms)
			RebuildScriptCaches (41ms)
			SetupLoadedEditorAssemblies (451ms)
				LogAssemblyErrors (0ms)
				InitializePlatformSupportModulesInManaged (10ms)
				SetLoadedEditorAssemblies (0ms)
				RefreshPlugins (210ms)
				BeforeProcessingInitializeOnLoad (2ms)
				ProcessInitializeOnLoadAttributes (170ms)
				ProcessInitializeOnLoadMethodAttributes (58ms)
				AfterProcessingInitializeOnLoad (0ms)
				EditorAssembliesLoaded (0ms)
			ExecutionOrderSort2 (0ms)
			AwakeInstancesAfterBackupRestoration (0ms)
Platform modules already initialized, skipping
Registering precompiled user dll's ...
Registered in 0.007678 seconds.
Begin MonoManager ReloadAssembly
Symbol file LoadedFromMemory doesn't match image C:\Users\sampu\Desktop\Unity Projects\Combined\Library\PackageCache\com.unity.visualscripting@1.7.8\Editor\VisualScripting.Core\Dependencies\YamlDotNet\Unity.VisualScripting.YamlDotNet.dll
Symbol file LoadedFromMemory doesn't match image C:\Users\sampu\Desktop\Unity Projects\Combined\Library\PackageCache\com.unity.visualscripting@1.7.8\Editor\VisualScripting.Core\Dependencies\DotNetZip\Unity.VisualScripting.IonicZip.dll
Native extension for WindowsStandalone target not found
Refreshing native plugins compatible for Editor in 122.73 ms, found 3 plugins.
Preloading 0 native plugins for Editor in 0.00 ms.
Mono: successfully reloaded assembly
- Completed reload, in  1.634 seconds
Domain Reload Profiling:
	ReloadAssembly (1635ms)
		BeginReloadAssembly (138ms)
			ExecutionOrderSort (0ms)
			DisableScriptedObjects (8ms)
			BackupInstance (0ms)
			ReleaseScriptingObjects (0ms)
			CreateAndSetChildDomain (22ms)
		EndReloadAssembly (1334ms)
			LoadAssemblies (113ms)
			RebuildTransferFunctionScriptingTraits (0ms)
			SetupTypeCache (392ms)
			ReleaseScriptCaches (1ms)
			RebuildScriptCaches (73ms)
			SetupLoadedEditorAssemblies (702ms)
				LogAssemblyErrors (0ms)
				InitializePlatformSupportModulesInManaged (6ms)
				SetLoadedEditorAssemblies (0ms)
				RefreshPlugins (123ms)
				BeforeProcessingInitializeOnLoad (133ms)
				ProcessInitializeOnLoadAttributes (397ms)
				ProcessInitializeOnLoadMethodAttributes (30ms)
				AfterProcessingInitializeOnLoad (13ms)
				EditorAssembliesLoaded (0ms)
			ExecutionOrderSort2 (0ms)
			AwakeInstancesAfterBackupRestoration (7ms)
Platform modules already initialized, skipping
========================================================================
Worker process is ready to serve import requests
Launched and connected shader compiler UnityShaderCompiler.exe after 0.05 seconds
Refreshing native plugins compatible for Editor in 0.75 ms, found 3 plugins.
Preloading 0 native plugins for Editor in 0.00 ms.
Unloading 3892 Unused Serialized files (Serialized files now loaded: 0)
Unloading 43 unused Assets / (181.9 KB). Loaded Objects now: 4373.
Memory consumption went from 151.7 MB to 151.5 MB.
Total: 3.850000 ms (FindLiveObjects: 0.368700 ms CreateObjectMapping: 0.304900 ms MarkObjects: 3.045400 ms  DeleteObjects: 0.129700 ms)

AssetImportParameters requested are different than current active one (requested -> active):
  custom:video-decoder-ogg-theora: a1e56fd34408186e4bbccfd4996cb3dc -> 
  custom:container-muxer-webm: aa71ff27fc2769a1b78a27578f13a17b -> 
  custom:container-demuxer-webm: 4f35f7cbe854078d1ac9338744f61a02 -> 
  custom:video-encoder-webm-vp8: eb34c28f22e8b96e1ab97ce403110664 -> 
  custom:audio-encoder-webm-vorbis: bf7c407c2cedff20999df2af8eb42d56 -> 
  custom:framework-win-MediaFoundation: 216162199b28c13a410421893ffa2e32 -> 
  custom:container-demuxer-ogg: 62fdf1f143b41e24485cea50d1cbac27 -> 
  custom:video-decoder-webm-vp8: 9c59270c3fd7afecdb556c50c9e8de78 -> 
  custom:audio-decoder-ogg-vorbis: bf7c407c2cedff20999df2af8eb42d56 -> 
========================================================================
Received Import Request.
  Time since last request: 1184095.665261 seconds.
  path: Assets/NewLayer 2.terrainlayer
  artifactKey: Guid(4e5f7cb1bcb78d847856dac1c1569d85) Importer(815301076,1909f56bfc062723c751e8b465ee728b)
Start importing Assets/NewLayer 2.terrainlayer using Guid(4e5f7cb1bcb78d847856dac1c1569d85) Importer(815301076,1909f56bfc062723c751e8b465ee728b)  -> (artifact id: '1a62b9f4a781b7d4c90266be5b596984') in 0.324677 seconds 
========================================================================
Received Import Request.
  Time since last request: 4.662775 seconds.
  path: Assets/NewLayer 4.terrainlayer
  artifactKey: Guid(76d49ab39a58171449a108b2ea017b24) Importer(815301076,1909f56bfc062723c751e8b465ee728b)
Start importing Assets/NewLayer 4.terrainlayer using Guid(76d49ab39a58171449a108b2ea017b24) Importer(815301076,1909f56bfc062723c751e8b465ee728b)  -> (artifact id: '06fa368eba9569482afeb367f6a9b0d9') in 0.032950 seconds 
========================================================================
Received Import Request.
  Time since last request: 0.000049 seconds.
  path: Assets/NewLayer 7.terrainlayer
  artifactKey: Guid(7f68bda1b7144b14e94b07076213fc68) Importer(815301076,1909f56bfc062723c751e8b465ee728b)
Start importing Assets/NewLayer 7.terrainlayer using Guid(7f68bda1b7144b14e94b07076213fc68) Importer(815301076,1909f56bfc062723c751e8b465ee728b)  -> (artifact id: '819cdf1652338439e5101d568e3c62c3') in 0.028338 seconds 
========================================================================
Received Import Request.
  Time since last request: 0.000046 seconds.
  path: Assets/NewLayer 5.terrainlayer
  artifactKey: Guid(157a6f7acc51ff047a25c942f63e81ed) Importer(815301076,1909f56bfc062723c751e8b465ee728b)
Start importing Assets/NewLayer 5.terrainlayer using Guid(157a6f7acc51ff047a25c942f63e81ed) Importer(815301076,1909f56bfc062723c751e8b465ee728b)  -> (artifact id: 'd5159bc05e76ab48c1abd1b050949a7d') in 0.029895 seconds 
========================================================================
Received Import Request.
  Time since last request: 135.389036 seconds.
  path: Assets/Imported Asset Packages/Conifers [BOTD]/Render Pipeline Support/Built-in RP/Prefabs/PF Conifer Medium BOTD.prefab
  artifactKey: Guid(abdd95d0229d64588b03d2806d9cc19a) Importer(815301076,1909f56bfc062723c751e8b465ee728b)
Start importing Assets/Imported Asset Packages/Conifers [BOTD]/Render Pipeline Support/Built-in RP/Prefabs/PF Conifer Medium BOTD.prefab using Guid(abdd95d0229d64588b03d2806d9cc19a) Importer(815301076,1909f56bfc062723c751e8b465ee728b)  -> (artifact id: 'f766f28a1c1e0b2467c9ac35caefb569') in 2.678795 seconds 
========================================================================
Received Import Request.
  Time since last request: 148.756599 seconds.
  path: Assets/Imported Assets/Toby Fredson/Dwarven Expedition Pack - Stylized Assets/Prefabs/SuportBeamBDEP_ST.prefab
  artifactKey: Guid(396ec105a7b8ac34b8282db4b9cd0b0a) Importer(815301076,1909f56bfc062723c751e8b465ee728b)
Start importing Assets/Imported Assets/Toby Fredson/Dwarven Expedition Pack - Stylized Assets/Prefabs/SuportBeamBDEP_ST.prefab using Guid(396ec105a7b8ac34b8282db4b9cd0b0a) Importer(815301076,1909f56bfc062723c751e8b465ee728b)  -> (artifact id: 'b70dcfac760ab07e802edd8ac5d76d56') in 0.086526 seconds 
========================================================================
Received Import Request.
  Time since last request: 0.000035 seconds.
  path: Assets/Imported Assets/Toby Fredson/Dwarven Expedition Pack - Stylized Assets/Prefabs/WallPropsWindowB1_ST.prefab
  artifactKey: Guid(c72196e78ca2bd144a6ece62fad0b798) Importer(815301076,1909f56bfc062723c751e8b465ee728b)
Start importing Assets/Imported Assets/Toby Fredson/Dwarven Expedition Pack - Stylized Assets/Prefabs/WallPropsWindowB1_ST.prefab using Guid(c72196e78ca2bd144a6ece62fad0b798) Importer(815301076,1909f56bfc062723c751e8b465ee728b)  -> (artifact id: 'd0f3c7c7bee9259df050ae7f13ab0b48') in 0.153709 seconds 
========================================================================
Received Import Request.
  Time since last request: 0.000064 seconds.
  path: Assets/Imported Assets/Toby Fredson/Dwarven Expedition Pack - Stylized Assets/Prefabs/WallPropsBottomA_ST.prefab
  artifactKey: Guid(fee4035f303fb1e48b130b830c23f49a) Importer(815301076,1909f56bfc062723c751e8b465ee728b)
Start importing Assets/Imported Assets/Toby Fredson/Dwarven Expedition Pack - Stylized Assets/Prefabs/WallPropsBottomA_ST.prefab using Guid(fee4035f303fb1e48b130b830c23f49a) Importer(815301076,1909f56bfc062723c751e8b465ee728b)  -> (artifact id: '4caccfdb739f501958a507fd816de80b') in 0.143440 seconds 
========================================================================
Received Import Request.
  Time since last request: 0.000033 seconds.
  path: Assets/Imported Assets/Toby Fredson/Dwarven Expedition Pack - Stylized Assets/Prefabs/WallPropsTopA_ST.prefab
  artifactKey: Guid(024b7e337c87e0149a4cbcfd8292ce7e) Importer(815301076,1909f56bfc062723c751e8b465ee728b)
Start importing Assets/Imported Assets/Toby Fredson/Dwarven Expedition Pack - Stylized Assets/Prefabs/WallPropsTopA_ST.prefab using Guid(024b7e337c87e0149a4cbcfd8292ce7e) Importer(815301076,1909f56bfc062723c751e8b465ee728b)  -> (artifact id: '320ea2ad6623a1c1ce7505c0fb91ea23') in 0.136421 seconds 
========================================================================
Received Import Request.
  Time since last request: 0.000048 seconds.
  path: Assets/Imported Assets/Toby Fredson/Dwarven Expedition Pack - Stylized Assets/Prefabs/WallBlockA03ADEP.prefab
  artifactKey: Guid(f881312789ac37f4e9a109e0dfd84b73) Importer(815301076,1909f56bfc062723c751e8b465ee728b)
Start importing Assets/Imported Assets/Toby Fredson/Dwarven Expedition Pack - Stylized Assets/Prefabs/WallBlockA03ADEP.prefab using Guid(f881312789ac37f4e9a109e0dfd84b73) Importer(815301076,1909f56bfc062723c751e8b465ee728b)  -> (artifact id: 'faf1eca65f2ee33fa064cc809d078dba') in 0.058260 seconds 
========================================================================
Received Import Request.
  Time since last request: 0.000053 seconds.
  path: Assets/Imported Assets/Toby Fredson/Dwarven Expedition Pack - Stylized Assets/Prefabs/WallPropsWindowA1_ST.prefab
  artifactKey: Guid(39d703c5b34d9a54985ce84532b098da) Importer(815301076,1909f56bfc062723c751e8b465ee728b)
Start importing Assets/Imported Assets/Toby Fredson/Dwarven Expedition Pack - Stylized Assets/Prefabs/WallPropsWindowA1_ST.prefab using Guid(39d703c5b34d9a54985ce84532b098da) Importer(815301076,1909f56bfc062723c751e8b465ee728b)  -> (artifact id: 'e70b5b064a4dded803dc76140d392a57') in 0.130544 seconds 
Editor requested this worker to shutdown with reason: Scaling down because of idle timeout
AssetImportWorker is now disconnected from the server
Process exiting
Exiting without the bug reporter. Application will terminate with return code 0