Using pre-set license
Built from '2021.3/staging' branch; Version is '2021.3.8f1 (b30333d56e81) revision 11731763'; Using compiler version '192829333'; Build Type 'Release'
OS: 'Windows 10  (10.0.19044) 64bit ProfessionalEducation' Language: 'en' Physical Memory: 16281 MB
BatchMode: 1, IsHumanControllingUs: 0, StartBugReporterOnCrash: 0, Is64bit: 1, IsPro: 1

COMMAND LINE ARGUMENTS:
C:\Program Files\Unity\Hub\Editor\2021.3.8f1\Editor\Unity.exe
-adb2
-batchMode
-noUpm
-name
AssetImportWorker7
-projectPath
C:/Users/sampu/Desktop/Unity Projects/Combined
-logFile
Logs/AssetImportWorker7.log
-srvPort
65465
Successfully changed project path to: C:/Users/sampu/Desktop/Unity Projects/Combined
C:/Users/sampu/Desktop/Unity Projects/Combined
[UnityMemory] Configuration Parameters - Can be set up in boot.config
    "memorysetup-bucket-allocator-granularity=16"
    "memorysetup-bucket-allocator-bucket-count=8"
    "memorysetup-bucket-allocator-block-size=33554432"
    "memorysetup-bucket-allocator-block-count=8"
    "memorysetup-main-allocator-block-size=16777216"
    "memorysetup-thread-allocator-block-size=16777216"
    "memorysetup-gfx-main-allocator-block-size=16777216"
    "memorysetup-gfx-thread-allocator-block-size=16777216"
    "memorysetup-cache-allocator-block-size=4194304"
    "memorysetup-typetree-allocator-block-size=2097152"
    "memorysetup-profiler-bucket-allocator-granularity=16"
    "memorysetup-profiler-bucket-allocator-bucket-count=8"
    "memorysetup-profiler-bucket-allocator-block-size=33554432"
    "memorysetup-profiler-bucket-allocator-block-count=8"
    "memorysetup-profiler-allocator-block-size=16777216"
    "memorysetup-profiler-editor-allocator-block-size=1048576"
    "memorysetup-temp-allocator-size-main=16777216"
    "memorysetup-job-temp-allocator-block-size=2097152"
    "memorysetup-job-temp-allocator-block-size-background=1048576"
    "memorysetup-job-temp-allocator-reduction-small-platforms=262144"
    "memorysetup-temp-allocator-size-background-worker=32768"
    "memorysetup-temp-allocator-size-job-worker=262144"
    "memorysetup-temp-allocator-size-preload-manager=33554432"
    "memorysetup-temp-allocator-size-nav-mesh-worker=65536"
    "memorysetup-temp-allocator-size-audio-worker=65536"
    "memorysetup-temp-allocator-size-cloud-worker=32768"
    "memorysetup-temp-allocator-size-gi-baking-worker=262144"
    "memorysetup-temp-allocator-size-gfx=262144"
Refreshing native plugins compatible for Editor in 253.79 ms, found 3 plugins.
Preloading 0 native plugins for Editor in 0.00 ms.
Initialize engine version: 2021.3.8f1 (b30333d56e81)
[Subsystems] Discovering subsystems at path C:/Program Files/Unity/Hub/Editor/2021.3.8f1/Editor/Data/Resources/UnitySubsystems
[Subsystems] Discovering subsystems at path C:/Users/sampu/Desktop/Unity Projects/Combined/Assets
GfxDevice: creating device client; threaded=0; jobified=0
Direct3D:
    Version:  Direct3D 11.0 [level 11.1]
    Renderer: Radeon (TM) 530 (ID=0x6900)
    Vendor:   ATI
    VRAM:     4086 MB
    Driver:   27.20.20913.2000
Initialize mono
Mono path[0] = 'C:/Program Files/Unity/Hub/Editor/2021.3.8f1/Editor/Data/Managed'
Mono path[1] = 'C:/Program Files/Unity/Hub/Editor/2021.3.8f1/Editor/Data/MonoBleedingEdge/lib/mono/unityjit-win32'
Mono config path = 'C:/Program Files/Unity/Hub/Editor/2021.3.8f1/Editor/Data/MonoBleedingEdge/etc'
Using monoOptions --debugger-agent=transport=dt_socket,embedding=1,server=y,suspend=n,address=127.0.0.1:56276
Begin MonoManager ReloadAssembly
Registering precompiled unity dll's ...
Register platform support module: C:/Program Files/Unity/Hub/Editor/2021.3.8f1/Editor/Data/PlaybackEngines/WindowsStandaloneSupport/UnityEditor.WindowsStandalone.Extensions.dll
Registered in 0.017378 seconds.
Native extension for WindowsStandalone target not found
Refreshing native plugins compatible for Editor in 149.59 ms, found 3 plugins.
Preloading 0 native plugins for Editor in 0.00 ms.
Mono: successfully reloaded assembly
- Completed reload, in  1.146 seconds
Domain Reload Profiling:
	ReloadAssembly (1147ms)
		BeginReloadAssembly (145ms)
			ExecutionOrderSort (0ms)
			DisableScriptedObjects (0ms)
			BackupInstance (0ms)
			ReleaseScriptingObjects (0ms)
			CreateAndSetChildDomain (2ms)
		EndReloadAssembly (701ms)
			LoadAssemblies (140ms)
			RebuildTransferFunctionScriptingTraits (0ms)
			SetupTypeCache (160ms)
			ReleaseScriptCaches (0ms)
			RebuildScriptCaches (58ms)
			SetupLoadedEditorAssemblies (409ms)
				LogAssemblyErrors (0ms)
				InitializePlatformSupportModulesInManaged (13ms)
				SetLoadedEditorAssemblies (0ms)
				RefreshPlugins (150ms)
				BeforeProcessingInitializeOnLoad (2ms)
				ProcessInitializeOnLoadAttributes (178ms)
				ProcessInitializeOnLoadMethodAttributes (65ms)
				AfterProcessingInitializeOnLoad (0ms)
				EditorAssembliesLoaded (0ms)
			ExecutionOrderSort2 (0ms)
			AwakeInstancesAfterBackupRestoration (0ms)
Platform modules already initialized, skipping
Registering precompiled user dll's ...
Registered in 0.010928 seconds.
Begin MonoManager ReloadAssembly
Symbol file LoadedFromMemory doesn't match image C:\Users\sampu\Desktop\Unity Projects\Combined\Library\PackageCache\com.unity.visualscripting@1.7.8\Editor\VisualScripting.Core\Dependencies\YamlDotNet\Unity.VisualScripting.YamlDotNet.dll
Symbol file LoadedFromMemory doesn't match image C:\Users\sampu\Desktop\Unity Projects\Combined\Library\PackageCache\com.unity.visualscripting@1.7.8\Editor\VisualScripting.Core\Dependencies\DotNetZip\Unity.VisualScripting.IonicZip.dll
Native extension for WindowsStandalone target not found
Refreshing native plugins compatible for Editor in 130.95 ms, found 3 plugins.
Preloading 0 native plugins for Editor in 0.00 ms.
Mono: successfully reloaded assembly
- Completed reload, in  1.810 seconds
Domain Reload Profiling:
	ReloadAssembly (1811ms)
		BeginReloadAssembly (150ms)
			ExecutionOrderSort (0ms)
			DisableScriptedObjects (8ms)
			BackupInstance (0ms)
			ReleaseScriptingObjects (0ms)
			CreateAndSetChildDomain (24ms)
		EndReloadAssembly (1503ms)
			LoadAssemblies (115ms)
			RebuildTransferFunctionScriptingTraits (0ms)
			SetupTypeCache (454ms)
			ReleaseScriptCaches (1ms)
			RebuildScriptCaches (74ms)
			SetupLoadedEditorAssemblies (803ms)
				LogAssemblyErrors (0ms)
				InitializePlatformSupportModulesInManaged (7ms)
				SetLoadedEditorAssemblies (0ms)
				RefreshPlugins (131ms)
				BeforeProcessingInitializeOnLoad (128ms)
				ProcessInitializeOnLoadAttributes (476ms)
				ProcessInitializeOnLoadMethodAttributes (48ms)
				AfterProcessingInitializeOnLoad (12ms)
				EditorAssembliesLoaded (0ms)
			ExecutionOrderSort2 (0ms)
			AwakeInstancesAfterBackupRestoration (8ms)
Platform modules already initialized, skipping
========================================================================
Worker process is ready to serve import requests
Launched and connected shader compiler UnityShaderCompiler.exe after 0.06 seconds
Refreshing native plugins compatible for Editor in 0.92 ms, found 3 plugins.
Preloading 0 native plugins for Editor in 0.00 ms.
Unloading 3896 Unused Serialized files (Serialized files now loaded: 0)
Unloading 43 unused Assets / (182.5 KB). Loaded Objects now: 4382.
Memory consumption went from 168.9 MB to 168.7 MB.
Total: 4.686500 ms (FindLiveObjects: 0.344500 ms CreateObjectMapping: 0.324700 ms MarkObjects: 3.832200 ms  DeleteObjects: 0.184000 ms)

AssetImportParameters requested are different than current active one (requested -> active):
  custom:video-decoder-ogg-theora: a1e56fd34408186e4bbccfd4996cb3dc -> 
  custom:container-muxer-webm: aa71ff27fc2769a1b78a27578f13a17b -> 
  custom:container-demuxer-webm: 4f35f7cbe854078d1ac9338744f61a02 -> 
  custom:video-encoder-webm-vp8: eb34c28f22e8b96e1ab97ce403110664 -> 
  custom:audio-encoder-webm-vorbis: bf7c407c2cedff20999df2af8eb42d56 -> 
  custom:framework-win-MediaFoundation: 216162199b28c13a410421893ffa2e32 -> 
  custom:container-demuxer-ogg: 62fdf1f143b41e24485cea50d1cbac27 -> 
  custom:video-decoder-webm-vp8: 9c59270c3fd7afecdb556c50c9e8de78 -> 
  custom:audio-decoder-ogg-vorbis: bf7c407c2cedff20999df2af8eb42d56 -> 
========================================================================
Received Import Request.
  Time since last request: 1185377.386121 seconds.
  path: Assets/Imported Assets/Toby Fredson/Dwarven Expedition Pack - Stylized Assets/Textures/DungeonGateDEP_ST_MetalnessAoGloss.tif
  artifactKey: Guid(076f4a8546d47fd439387c728ef8e2f6) Importer(815301076,1909f56bfc062723c751e8b465ee728b)
Start importing Assets/Imported Assets/Toby Fredson/Dwarven Expedition Pack - Stylized Assets/Textures/DungeonGateDEP_ST_MetalnessAoGloss.tif using Guid(076f4a8546d47fd439387c728ef8e2f6) Importer(815301076,1909f56bfc062723c751e8b465ee728b)  -> (artifact id: 'a4a835d66405a7ec12679bc5d27c387b') in 0.181354 seconds 
========================================================================
Received Import Request.
  Time since last request: 0.000033 seconds.
  path: Assets/Imported Assets/Toby Fredson/Dwarven Expedition Pack - Stylized Assets/Textures/StoneArchDEP_ST_Normal.png
  artifactKey: Guid(6c6375a83c5b9a44eb98f1828ad9b0f4) Importer(815301076,1909f56bfc062723c751e8b465ee728b)
Start importing Assets/Imported Assets/Toby Fredson/Dwarven Expedition Pack - Stylized Assets/Textures/StoneArchDEP_ST_Normal.png using Guid(6c6375a83c5b9a44eb98f1828ad9b0f4) Importer(815301076,1909f56bfc062723c751e8b465ee728b)  -> (artifact id: 'd608dcbe285d04dc4b162194390ed6a2') in 0.164379 seconds 
========================================================================
Received Import Request.
  Time since last request: 0.000034 seconds.
  path: Assets/Imported Assets/Toby Fredson/Dwarven Expedition Pack - Stylized Assets/Textures/DungeonStructureTowerDEP_ST_Normal.png
  artifactKey: Guid(40bdea1147c1491418912041a0579391) Importer(815301076,1909f56bfc062723c751e8b465ee728b)
Start importing Assets/Imported Assets/Toby Fredson/Dwarven Expedition Pack - Stylized Assets/Textures/DungeonStructureTowerDEP_ST_Normal.png using Guid(40bdea1147c1491418912041a0579391) Importer(815301076,1909f56bfc062723c751e8b465ee728b)  -> (artifact id: '2c98d29ba5e04992d7ed0db4f8a328c5') in 0.062555 seconds 
========================================================================
Received Import Request.
  Time since last request: 0.000038 seconds.
  path: Assets/Imported Assets/Toby Fredson/Dwarven Expedition Pack - Stylized Assets/Textures/SuportBeamDEP_ST_Normal.png
  artifactKey: Guid(4bca731f8eb4ca74e910b858a2321e52) Importer(815301076,1909f56bfc062723c751e8b465ee728b)
Start importing Assets/Imported Assets/Toby Fredson/Dwarven Expedition Pack - Stylized Assets/Textures/SuportBeamDEP_ST_Normal.png using Guid(4bca731f8eb4ca74e910b858a2321e52) Importer(815301076,1909f56bfc062723c751e8b465ee728b)  -> (artifact id: '16e88e88de7a03a330d2285f1ba12239') in 0.042918 seconds 
========================================================================
Received Import Request.
  Time since last request: 0.000054 seconds.
  path: Assets/Imported Assets/Toby Fredson/Dwarven Expedition Pack - Stylized Assets/Textures/SandStoneDEEP_Normal.png
  artifactKey: Guid(16b93f13ac98e2d49ae2e1bec8caa089) Importer(815301076,1909f56bfc062723c751e8b465ee728b)
Start importing Assets/Imported Assets/Toby Fredson/Dwarven Expedition Pack - Stylized Assets/Textures/SandStoneDEEP_Normal.png using Guid(16b93f13ac98e2d49ae2e1bec8caa089) Importer(815301076,1909f56bfc062723c751e8b465ee728b)  -> (artifact id: 'd4801e1c119f05bf04713623e9b9ca77') in 0.046356 seconds 
========================================================================
Received Import Request.
  Time since last request: 0.000061 seconds.
  path: Assets/Imported Assets/Toby Fredson/Dwarven Expedition Pack - Stylized Assets/Textures/StoneTileC1DEP_ST_Albedo.png
  artifactKey: Guid(4aee3d7873f7af44fa3b55ddadd98ece) Importer(815301076,1909f56bfc062723c751e8b465ee728b)
Start importing Assets/Imported Assets/Toby Fredson/Dwarven Expedition Pack - Stylized Assets/Textures/StoneTileC1DEP_ST_Albedo.png using Guid(4aee3d7873f7af44fa3b55ddadd98ece) Importer(815301076,1909f56bfc062723c751e8b465ee728b)  -> (artifact id: '9abb091c5f555d3bbdc0e5345f7209d5') in 0.041441 seconds 
========================================================================
Received Import Request.
  Time since last request: 0.000046 seconds.
  path: Assets/Imported Assets/Toby Fredson/Dwarven Expedition Pack - Stylized Assets/Textures/StoneTileADEP_ST_Hight.png
  artifactKey: Guid(86e8cf1e81f399f4492815db0f4fe4a2) Importer(815301076,1909f56bfc062723c751e8b465ee728b)
Start importing Assets/Imported Assets/Toby Fredson/Dwarven Expedition Pack - Stylized Assets/Textures/StoneTileADEP_ST_Hight.png using Guid(86e8cf1e81f399f4492815db0f4fe4a2) Importer(815301076,1909f56bfc062723c751e8b465ee728b)  -> (artifact id: '505958b60b61ab6294da13c3ea92db9c') in 0.047768 seconds 
========================================================================
Received Import Request.
  Time since last request: 0.000026 seconds.
  path: Assets/Imported Assets/Toby Fredson/Dwarven Expedition Pack - Stylized Assets/Textures/DungeonStructureTowerDEP_ST_Albedo.png
  artifactKey: Guid(f961051a6b09131479bbaa0ecf14540a) Importer(815301076,1909f56bfc062723c751e8b465ee728b)
Start importing Assets/Imported Assets/Toby Fredson/Dwarven Expedition Pack - Stylized Assets/Textures/DungeonStructureTowerDEP_ST_Albedo.png using Guid(f961051a6b09131479bbaa0ecf14540a) Importer(815301076,1909f56bfc062723c751e8b465ee728b)  -> (artifact id: '93a07af0fe3acf2b0036cef76c313843') in 0.055493 seconds 
========================================================================
Received Import Request.
  Time since last request: 0.000045 seconds.
  path: Assets/Imported Assets/Toby Fredson/Dwarven Expedition Pack - Stylized Assets/Textures/DungeonStructureTowerDEP_ST_MetalnessAoGloss.tif
  artifactKey: Guid(c9f2e5cace4d0af449f1469e90717acb) Importer(815301076,1909f56bfc062723c751e8b465ee728b)
Start importing Assets/Imported Assets/Toby Fredson/Dwarven Expedition Pack - Stylized Assets/Textures/DungeonStructureTowerDEP_ST_MetalnessAoGloss.tif using Guid(c9f2e5cace4d0af449f1469e90717acb) Importer(815301076,1909f56bfc062723c751e8b465ee728b)  -> (artifact id: '524228c14cebf4a25e91939d9cffa8bc') in 0.080835 seconds 
========================================================================
Received Import Request.
  Time since last request: 0.000046 seconds.
  path: Assets/Imported Assets/Toby Fredson/Dwarven Expedition Pack - Stylized Assets/Textures/StoneArchDEP_ST_Albedo.png
  artifactKey: Guid(78087a9cffa049f4586cd75f9bd78ce2) Importer(815301076,1909f56bfc062723c751e8b465ee728b)
Start importing Assets/Imported Assets/Toby Fredson/Dwarven Expedition Pack - Stylized Assets/Textures/StoneArchDEP_ST_Albedo.png using Guid(78087a9cffa049f4586cd75f9bd78ce2) Importer(815301076,1909f56bfc062723c751e8b465ee728b)  -> (artifact id: '0abdab43ca8ffeb85de0e25711325a42') in 0.119261 seconds 
========================================================================
Received Import Request.
  Time since last request: 0.000083 seconds.
  path: Assets/Imported Assets/Toby Fredson/Dwarven Expedition Pack - Stylized Assets/Textures/DungeonStructureHeadDEP_ST_Albedo.png
  artifactKey: Guid(c48878ad1b0623f4981b2a62f47e16f0) Importer(815301076,1909f56bfc062723c751e8b465ee728b)
Start importing Assets/Imported Assets/Toby Fredson/Dwarven Expedition Pack - Stylized Assets/Textures/DungeonStructureHeadDEP_ST_Albedo.png using Guid(c48878ad1b0623f4981b2a62f47e16f0) Importer(815301076,1909f56bfc062723c751e8b465ee728b)  -> (artifact id: 'c5da7e5618a0f1f8db04bb25f8f3a45c') in 0.067305 seconds 
========================================================================
Received Import Request.
  Time since last request: 0.000029 seconds.
  path: Assets/Imported Assets/Toby Fredson/Dwarven Expedition Pack - Stylized Assets/Textures/WallPropsDEP_ST_Albedo.png
  artifactKey: Guid(5b2f89d557533934ea314ec6f13a764a) Importer(815301076,1909f56bfc062723c751e8b465ee728b)
Start importing Assets/Imported Assets/Toby Fredson/Dwarven Expedition Pack - Stylized Assets/Textures/WallPropsDEP_ST_Albedo.png using Guid(5b2f89d557533934ea314ec6f13a764a) Importer(815301076,1909f56bfc062723c751e8b465ee728b)  -> (artifact id: 'da68261b06b6e0fb046575e7243e3455') in 0.095858 seconds 
========================================================================
Received Import Request.
  Time since last request: 0.000059 seconds.
  path: Assets/Imported Assets/Toby Fredson/Dwarven Expedition Pack - Stylized Assets/Textures/StoneTileADEP_ST_Albedo.png
  artifactKey: Guid(d46cc054a9eb3e640951cf03f77757f1) Importer(815301076,1909f56bfc062723c751e8b465ee728b)
Start importing Assets/Imported Assets/Toby Fredson/Dwarven Expedition Pack - Stylized Assets/Textures/StoneTileADEP_ST_Albedo.png using Guid(d46cc054a9eb3e640951cf03f77757f1) Importer(815301076,1909f56bfc062723c751e8b465ee728b)  -> (artifact id: 'd3fc20e4e9db8e382c01a622f0d8b435') in 0.054069 seconds 
========================================================================
Received Import Request.
  Time since last request: 0.000055 seconds.
  path: Assets/Imported Assets/Toby Fredson/Dwarven Expedition Pack - Stylized Assets/Textures/SandStoneDEEP_Hight.png
  artifactKey: Guid(b44e7bdc29a5b4c45bd84168bbc546c0) Importer(815301076,1909f56bfc062723c751e8b465ee728b)
Start importing Assets/Imported Assets/Toby Fredson/Dwarven Expedition Pack - Stylized Assets/Textures/SandStoneDEEP_Hight.png using Guid(b44e7bdc29a5b4c45bd84168bbc546c0) Importer(815301076,1909f56bfc062723c751e8b465ee728b)  -> (artifact id: '1e21820b526f340005c06279ccc3ed39') in 0.046486 seconds 
========================================================================
Received Import Request.
  Time since last request: 0.711364 seconds.
  path: Assets/Imported Assets/Toby Fredson/Dwarven Expedition Pack - Stylized Assets/Models/SuportBeamBDEP_ST.fbx
  artifactKey: Guid(4b06f7320d445b24eb38b888be970d9e) Importer(815301076,1909f56bfc062723c751e8b465ee728b)
Start importing Assets/Imported Assets/Toby Fredson/Dwarven Expedition Pack - Stylized Assets/Models/SuportBeamBDEP_ST.fbx using Guid(4b06f7320d445b24eb38b888be970d9e) Importer(815301076,1909f56bfc062723c751e8b465ee728b)  -> (artifact id: '6e53c7dbaf5535088f1472487bd22e9e') in 0.148707 seconds 
========================================================================
Received Import Request.
  Time since last request: 0.000039 seconds.
  path: Assets/Imported Assets/Toby Fredson/Dwarven Expedition Pack - Stylized Assets/Models/WallPropsBottomA_ST.fbx
  artifactKey: Guid(d9869357ee4fead4db0ceb2429718806) Importer(815301076,1909f56bfc062723c751e8b465ee728b)
Start importing Assets/Imported Assets/Toby Fredson/Dwarven Expedition Pack - Stylized Assets/Models/WallPropsBottomA_ST.fbx using Guid(d9869357ee4fead4db0ceb2429718806) Importer(815301076,1909f56bfc062723c751e8b465ee728b)  -> (artifact id: 'a3b775a9ee40cc06b03a94c96934e32d') in 0.049074 seconds 
========================================================================
Received Import Request.
  Time since last request: 0.000050 seconds.
  path: Assets/Imported Assets/Toby Fredson/Dwarven Expedition Pack - Stylized Assets/Models/WallBlockA02ADEP.fbx
  artifactKey: Guid(cfe43512fab166f4dabe233ed848057a) Importer(815301076,1909f56bfc062723c751e8b465ee728b)
Start importing Assets/Imported Assets/Toby Fredson/Dwarven Expedition Pack - Stylized Assets/Models/WallBlockA02ADEP.fbx using Guid(cfe43512fab166f4dabe233ed848057a) Importer(815301076,1909f56bfc062723c751e8b465ee728b)  -> (artifact id: '54c6c87de320341f90583c2fb8e25f78') in 0.048734 seconds 
========================================================================
Received Import Request.
  Time since last request: 0.000037 seconds.
  path: Assets/Imported Assets/Toby Fredson/Dwarven Expedition Pack - Stylized Assets/Models/WallPropsTopA_ST.fbx
  artifactKey: Guid(5e8c305eed7297c4c932f1a08714fab4) Importer(815301076,1909f56bfc062723c751e8b465ee728b)
Start importing Assets/Imported Assets/Toby Fredson/Dwarven Expedition Pack - Stylized Assets/Models/WallPropsTopA_ST.fbx using Guid(5e8c305eed7297c4c932f1a08714fab4) Importer(815301076,1909f56bfc062723c751e8b465ee728b)  -> (artifact id: '64f1537fb85d480c2eb8e32cc22cdb23') in 0.056214 seconds 
========================================================================
Received Import Request.
  Time since last request: 0.000382 seconds.
  path: Assets/Imported Assets/Toby Fredson/Dwarven Expedition Pack - Stylized Assets/Models/WallPropsWindowA1_ST.fbx
  artifactKey: Guid(0d4b51e4a607d7f4cb6b6a29c4daf918) Importer(815301076,1909f56bfc062723c751e8b465ee728b)
Start importing Assets/Imported Assets/Toby Fredson/Dwarven Expedition Pack - Stylized Assets/Models/WallPropsWindowA1_ST.fbx using Guid(0d4b51e4a607d7f4cb6b6a29c4daf918) Importer(815301076,1909f56bfc062723c751e8b465ee728b)  -> (artifact id: '980de4b91afe90b60c10e0da02c6a29e') in 0.055155 seconds 
========================================================================
Received Import Request.
  Time since last request: 0.000043 seconds.
  path: Assets/Imported Assets/Toby Fredson/Dwarven Expedition Pack - Stylized Assets/Models/WallPropsMidle_ST.fbx
  artifactKey: Guid(b1f8d4583ba2ccf45a4be12cf22d8461) Importer(815301076,1909f56bfc062723c751e8b465ee728b)
Start importing Assets/Imported Assets/Toby Fredson/Dwarven Expedition Pack - Stylized Assets/Models/WallPropsMidle_ST.fbx using Guid(b1f8d4583ba2ccf45a4be12cf22d8461) Importer(815301076,1909f56bfc062723c751e8b465ee728b)  -> (artifact id: '4429501981186d6bca79705909ff61e6') in 0.060509 seconds 
========================================================================
Received Import Request.
  Time since last request: 0.000040 seconds.
  path: Assets/Imported Assets/Toby Fredson/Dwarven Expedition Pack - Stylized Assets/Models/WallBlockA01ADEP.fbx
  artifactKey: Guid(b1e98f823992d3c418aaf5220fffd662) Importer(815301076,1909f56bfc062723c751e8b465ee728b)
Start importing Assets/Imported Assets/Toby Fredson/Dwarven Expedition Pack - Stylized Assets/Models/WallBlockA01ADEP.fbx using Guid(b1e98f823992d3c418aaf5220fffd662) Importer(815301076,1909f56bfc062723c751e8b465ee728b)  -> (artifact id: 'c1d1b9dccfabf6dbcef7c434ab8bfcb4') in 0.052444 seconds 
========================================================================
Received Import Request.
  Time since last request: 14.070209 seconds.
  path: Assets/Imported Assets/Hut/Prefabs/Toilet.prefab
  artifactKey: Guid(b5cab78b7f36c4860b4674677d76b79e) Importer(815301076,1909f56bfc062723c751e8b465ee728b)
Start importing Assets/Imported Assets/Hut/Prefabs/Toilet.prefab using Guid(b5cab78b7f36c4860b4674677d76b79e) Importer(815301076,1909f56bfc062723c751e8b465ee728b)  -> (artifact id: 'c0b418feef83b1c1265aff2baa854313') in 0.078248 seconds 
========================================================================
Received Import Request.
  Time since last request: 5.801853 seconds.
  path: Assets/Imported Assets/Hut/Meshes/Toilet.FBX
  artifactKey: Guid(aab1be574d67cb842b6d896f1866773c) Importer(815301076,1909f56bfc062723c751e8b465ee728b)
Start importing Assets/Imported Assets/Hut/Meshes/Toilet.FBX using Guid(aab1be574d67cb842b6d896f1866773c) Importer(815301076,1909f56bfc062723c751e8b465ee728b)  -> (artifact id: 'bf6b3a5ed996b179614c3857d707c69f') in 0.100862 seconds 
========================================================================
Received Import Request.
  Time since last request: 1.508453 seconds.
  path: Assets/Imported Assets/Hut/Materials/M_Toilet_Poop.mat
  artifactKey: Guid(527e0285f9b2e6d41aaedb42a5200f15) Importer(815301076,1909f56bfc062723c751e8b465ee728b)
Start importing Assets/Imported Assets/Hut/Materials/M_Toilet_Poop.mat using Guid(527e0285f9b2e6d41aaedb42a5200f15) Importer(815301076,1909f56bfc062723c751e8b465ee728b)  -> (artifact id: '3280910b46f71cac646a7f8d08eec682') in 0.072460 seconds 
========================================================================
Received Import Request.
  Time since last request: 3.741018 seconds.
  path: Assets/Imported Assets/Hut/Textures/Fence_N.tga
  artifactKey: Guid(ca5e6f86d8960644c801c5eebbb5f071) Importer(815301076,1909f56bfc062723c751e8b465ee728b)
Start importing Assets/Imported Assets/Hut/Textures/Fence_N.tga using Guid(ca5e6f86d8960644c801c5eebbb5f071) Importer(815301076,1909f56bfc062723c751e8b465ee728b)  -> (artifact id: 'd019fb9398088085890b36da930541d9') in 0.050273 seconds 
========================================================================
Received Import Request.
  Time since last request: 0.000116 seconds.
  path: Assets/Imported Assets/Hut/Textures/Toilet_Alb.tga
  artifactKey: Guid(968a281b3a12a86419520efc95901b1c) Importer(815301076,1909f56bfc062723c751e8b465ee728b)
Start importing Assets/Imported Assets/Hut/Textures/Toilet_Alb.tga using Guid(968a281b3a12a86419520efc95901b1c) Importer(815301076,1909f56bfc062723c751e8b465ee728b)  -> (artifact id: '226cd100cc519a01a1b83b8d1639ece6') in 0.042689 seconds 
========================================================================
Received Import Request.
  Time since last request: 0.000063 seconds.
  path: Assets/Imported Assets/Hut/Textures/Poop_AO.tga
  artifactKey: Guid(b6e122998b8e4674ab6149e0ceba91f4) Importer(815301076,1909f56bfc062723c751e8b465ee728b)
Start importing Assets/Imported Assets/Hut/Textures/Poop_AO.tga using Guid(b6e122998b8e4674ab6149e0ceba91f4) Importer(815301076,1909f56bfc062723c751e8b465ee728b)  -> (artifact id: '754539642b2a6ac90eb1f799e957d9f9') in 0.047648 seconds 
========================================================================
Received Import Request.
  Time since last request: 0.000113 seconds.
  path: Assets/Imported Assets/Hut/Textures/Small_Chair_AO.tga
  artifactKey: Guid(b146852a0bbc80443a3f8f4df0a6a87c) Importer(815301076,1909f56bfc062723c751e8b465ee728b)
Start importing Assets/Imported Assets/Hut/Textures/Small_Chair_AO.tga using Guid(b146852a0bbc80443a3f8f4df0a6a87c) Importer(815301076,1909f56bfc062723c751e8b465ee728b)  -> (artifact id: '793cff8240d104748913831d6ec05f16') in 0.051176 seconds 
Editor requested this worker to shutdown with reason: Scaling down because of idle timeout
AssetImportWorker is now disconnected from the server
Process exiting
Exiting without the bug reporter. Application will terminate with return code 0