Using pre-set license
Built from '2021.3/staging' branch; Version is '2021.3.8f1 (b30333d56e81) revision 11731763'; Using compiler version '192829333'; Build Type 'Release'
OS: 'Windows 10  (10.0.19044) 64bit ProfessionalEducation' Language: 'en' Physical Memory: 16281 MB
BatchMode: 1, IsHumanControllingUs: 0, StartBugReporterOnCrash: 0, Is64bit: 1, IsPro: 1

COMMAND LINE ARGUMENTS:
C:\Program Files\Unity\Hub\Editor\2021.3.8f1\Editor\Unity.exe
-adb2
-batchMode
-noUpm
-name
AssetImportWorker9
-projectPath
C:/Users/sampu/Desktop/Unity Projects/Combined
-logFile
Logs/AssetImportWorker9.log
-srvPort
65465
Successfully changed project path to: C:/Users/sampu/Desktop/Unity Projects/Combined
C:/Users/sampu/Desktop/Unity Projects/Combined
[UnityMemory] Configuration Parameters - Can be set up in boot.config
    "memorysetup-bucket-allocator-granularity=16"
    "memorysetup-bucket-allocator-bucket-count=8"
    "memorysetup-bucket-allocator-block-size=33554432"
    "memorysetup-bucket-allocator-block-count=8"
    "memorysetup-main-allocator-block-size=16777216"
    "memorysetup-thread-allocator-block-size=16777216"
    "memorysetup-gfx-main-allocator-block-size=16777216"
    "memorysetup-gfx-thread-allocator-block-size=16777216"
    "memorysetup-cache-allocator-block-size=4194304"
    "memorysetup-typetree-allocator-block-size=2097152"
    "memorysetup-profiler-bucket-allocator-granularity=16"
    "memorysetup-profiler-bucket-allocator-bucket-count=8"
    "memorysetup-profiler-bucket-allocator-block-size=33554432"
    "memorysetup-profiler-bucket-allocator-block-count=8"
    "memorysetup-profiler-allocator-block-size=16777216"
    "memorysetup-profiler-editor-allocator-block-size=1048576"
    "memorysetup-temp-allocator-size-main=16777216"
    "memorysetup-job-temp-allocator-block-size=2097152"
    "memorysetup-job-temp-allocator-block-size-background=1048576"
    "memorysetup-job-temp-allocator-reduction-small-platforms=262144"
    "memorysetup-temp-allocator-size-background-worker=32768"
    "memorysetup-temp-allocator-size-job-worker=262144"
    "memorysetup-temp-allocator-size-preload-manager=33554432"
    "memorysetup-temp-allocator-size-nav-mesh-worker=65536"
    "memorysetup-temp-allocator-size-audio-worker=65536"
    "memorysetup-temp-allocator-size-cloud-worker=32768"
    "memorysetup-temp-allocator-size-gi-baking-worker=262144"
    "memorysetup-temp-allocator-size-gfx=262144"
Refreshing native plugins compatible for Editor in 297.94 ms, found 3 plugins.
Preloading 0 native plugins for Editor in 0.00 ms.
Initialize engine version: 2021.3.8f1 (b30333d56e81)
[Subsystems] Discovering subsystems at path C:/Program Files/Unity/Hub/Editor/2021.3.8f1/Editor/Data/Resources/UnitySubsystems
[Subsystems] Discovering subsystems at path C:/Users/sampu/Desktop/Unity Projects/Combined/Assets
GfxDevice: creating device client; threaded=0; jobified=0
Direct3D:
    Version:  Direct3D 11.0 [level 11.1]
    Renderer: Radeon (TM) 530 (ID=0x6900)
    Vendor:   ATI
    VRAM:     4086 MB
    Driver:   27.20.20913.2000
Initialize mono
Mono path[0] = 'C:/Program Files/Unity/Hub/Editor/2021.3.8f1/Editor/Data/Managed'
Mono path[1] = 'C:/Program Files/Unity/Hub/Editor/2021.3.8f1/Editor/Data/MonoBleedingEdge/lib/mono/unityjit-win32'
Mono config path = 'C:/Program Files/Unity/Hub/Editor/2021.3.8f1/Editor/Data/MonoBleedingEdge/etc'
Using monoOptions --debugger-agent=transport=dt_socket,embedding=1,server=y,suspend=n,address=127.0.0.1:56988
Begin MonoManager ReloadAssembly
Registering precompiled unity dll's ...
Register platform support module: C:/Program Files/Unity/Hub/Editor/2021.3.8f1/Editor/Data/PlaybackEngines/WindowsStandaloneSupport/UnityEditor.WindowsStandalone.Extensions.dll
Registered in 0.018415 seconds.
Native extension for WindowsStandalone target not found
Refreshing native plugins compatible for Editor in 155.03 ms, found 3 plugins.
Preloading 0 native plugins for Editor in 0.00 ms.
Mono: successfully reloaded assembly
- Completed reload, in  1.973 seconds
Domain Reload Profiling:
	ReloadAssembly (1974ms)
		BeginReloadAssembly (511ms)
			ExecutionOrderSort (0ms)
			DisableScriptedObjects (0ms)
			BackupInstance (0ms)
			ReleaseScriptingObjects (0ms)
			CreateAndSetChildDomain (7ms)
		EndReloadAssembly (1134ms)
			LoadAssemblies (501ms)
			RebuildTransferFunctionScriptingTraits (0ms)
			SetupTypeCache (530ms)
			ReleaseScriptCaches (0ms)
			RebuildScriptCaches (47ms)
			SetupLoadedEditorAssemblies (452ms)
				LogAssemblyErrors (0ms)
				InitializePlatformSupportModulesInManaged (13ms)
				SetLoadedEditorAssemblies (0ms)
				RefreshPlugins (155ms)
				BeforeProcessingInitializeOnLoad (2ms)
				ProcessInitializeOnLoadAttributes (204ms)
				ProcessInitializeOnLoadMethodAttributes (77ms)
				AfterProcessingInitializeOnLoad (0ms)
				EditorAssembliesLoaded (0ms)
			ExecutionOrderSort2 (0ms)
			AwakeInstancesAfterBackupRestoration (0ms)
Platform modules already initialized, skipping
Registering precompiled user dll's ...
Registered in 0.013617 seconds.
Begin MonoManager ReloadAssembly
Symbol file LoadedFromMemory doesn't match image C:\Users\sampu\Desktop\Unity Projects\Combined\Library\PackageCache\com.unity.visualscripting@1.7.8\Editor\VisualScripting.Core\Dependencies\YamlDotNet\Unity.VisualScripting.YamlDotNet.dll
Symbol file LoadedFromMemory doesn't match image C:\Users\sampu\Desktop\Unity Projects\Combined\Library\PackageCache\com.unity.visualscripting@1.7.8\Editor\VisualScripting.Core\Dependencies\DotNetZip\Unity.VisualScripting.IonicZip.dll
Native extension for WindowsStandalone target not found
Refreshing native plugins compatible for Editor in 134.88 ms, found 3 plugins.
Preloading 0 native plugins for Editor in 0.00 ms.
Mono: successfully reloaded assembly
- Completed reload, in  1.907 seconds
Domain Reload Profiling:
	ReloadAssembly (1908ms)
		BeginReloadAssembly (165ms)
			ExecutionOrderSort (0ms)
			DisableScriptedObjects (9ms)
			BackupInstance (0ms)
			ReleaseScriptingObjects (0ms)
			CreateAndSetChildDomain (26ms)
		EndReloadAssembly (1564ms)
			LoadAssemblies (128ms)
			RebuildTransferFunctionScriptingTraits (0ms)
			SetupTypeCache (453ms)
			ReleaseScriptCaches (1ms)
			RebuildScriptCaches (85ms)
			SetupLoadedEditorAssemblies (821ms)
				LogAssemblyErrors (0ms)
				InitializePlatformSupportModulesInManaged (9ms)
				SetLoadedEditorAssemblies (0ms)
				RefreshPlugins (135ms)
				BeforeProcessingInitializeOnLoad (142ms)
				ProcessInitializeOnLoadAttributes (483ms)
				ProcessInitializeOnLoadMethodAttributes (40ms)
				AfterProcessingInitializeOnLoad (12ms)
				EditorAssembliesLoaded (0ms)
			ExecutionOrderSort2 (0ms)
			AwakeInstancesAfterBackupRestoration (11ms)
Platform modules already initialized, skipping
========================================================================
Worker process is ready to serve import requests
Launched and connected shader compiler UnityShaderCompiler.exe after 0.06 seconds
Refreshing native plugins compatible for Editor in 1.49 ms, found 3 plugins.
Preloading 0 native plugins for Editor in 0.00 ms.
Unloading 3896 Unused Serialized files (Serialized files now loaded: 0)
Unloading 43 unused Assets / (182.5 KB). Loaded Objects now: 4382.
Memory consumption went from 168.9 MB to 168.8 MB.
Total: 7.500800 ms (FindLiveObjects: 0.588600 ms CreateObjectMapping: 0.518200 ms MarkObjects: 6.151900 ms  DeleteObjects: 0.240200 ms)

AssetImportParameters requested are different than current active one (requested -> active):
  custom:video-decoder-ogg-theora: a1e56fd34408186e4bbccfd4996cb3dc -> 
  custom:container-muxer-webm: aa71ff27fc2769a1b78a27578f13a17b -> 
  custom:container-demuxer-webm: 4f35f7cbe854078d1ac9338744f61a02 -> 
  custom:video-encoder-webm-vp8: eb34c28f22e8b96e1ab97ce403110664 -> 
  custom:audio-encoder-webm-vorbis: bf7c407c2cedff20999df2af8eb42d56 -> 
  custom:framework-win-MediaFoundation: 216162199b28c13a410421893ffa2e32 -> 
  custom:container-demuxer-ogg: 62fdf1f143b41e24485cea50d1cbac27 -> 
  custom:video-decoder-webm-vp8: 9c59270c3fd7afecdb556c50c9e8de78 -> 
  custom:audio-decoder-ogg-vorbis: bf7c407c2cedff20999df2af8eb42d56 -> 
========================================================================
Received Import Request.
  Time since last request: 1185394.220916 seconds.
  path: Assets/Imported Assets/Hut/Prefabs/Small_Chair.prefab
  artifactKey: Guid(36652662aaef2458cbf81dd2079493a6) Importer(815301076,1909f56bfc062723c751e8b465ee728b)
Start importing Assets/Imported Assets/Hut/Prefabs/Small_Chair.prefab using Guid(36652662aaef2458cbf81dd2079493a6) Importer(815301076,1909f56bfc062723c751e8b465ee728b)  -> (artifact id: '57f5d6c6ff993b19ba90f229e986b49f') in 0.242934 seconds 
========================================================================
Received Import Request.
  Time since last request: 5.641011 seconds.
  path: Assets/Imported Assets/Hut/Meshes/Small_Chair.FBX
  artifactKey: Guid(b12a38ba7735ce6418f030bcff4ec1d8) Importer(815301076,1909f56bfc062723c751e8b465ee728b)
Start importing Assets/Imported Assets/Hut/Meshes/Small_Chair.FBX using Guid(b12a38ba7735ce6418f030bcff4ec1d8) Importer(815301076,1909f56bfc062723c751e8b465ee728b)  -> (artifact id: 'b251aeb2dad18622ab1d3c11ecb07ec4') in 0.087633 seconds 
========================================================================
Received Import Request.
  Time since last request: 1.514824 seconds.
  path: Assets/Imported Assets/Hut/Materials/M_Toilet.mat
  artifactKey: Guid(08fd69ba7720f6a4b8326f34c5a29e73) Importer(815301076,1909f56bfc062723c751e8b465ee728b)
Start importing Assets/Imported Assets/Hut/Materials/M_Toilet.mat using Guid(08fd69ba7720f6a4b8326f34c5a29e73) Importer(815301076,1909f56bfc062723c751e8b465ee728b)  -> (artifact id: '358dedf162a080efff3a3b910006214a') in 0.083889 seconds 
========================================================================
Received Import Request.
  Time since last request: 3.732847 seconds.
  path: Assets/Imported Assets/Hut/Textures/Fence_Mtl.tga
  artifactKey: Guid(e3a37f2a80b25134db92a3f9206d2d26) Importer(815301076,1909f56bfc062723c751e8b465ee728b)
Start importing Assets/Imported Assets/Hut/Textures/Fence_Mtl.tga using Guid(e3a37f2a80b25134db92a3f9206d2d26) Importer(815301076,1909f56bfc062723c751e8b465ee728b)  -> (artifact id: 'd50902270a6e787d46f6c9936ab61222') in 0.048198 seconds 
========================================================================
Received Import Request.
  Time since last request: 0.000040 seconds.
  path: Assets/Imported Assets/Hut/Textures/Poop_N.tga
  artifactKey: Guid(702c02c996f1f9140893c7411e0f2641) Importer(815301076,1909f56bfc062723c751e8b465ee728b)
Start importing Assets/Imported Assets/Hut/Textures/Poop_N.tga using Guid(702c02c996f1f9140893c7411e0f2641) Importer(815301076,1909f56bfc062723c751e8b465ee728b)  -> (artifact id: '1d58b563ce1363b3a9cbc8e07c09452b') in 0.054408 seconds 
========================================================================
Received Import Request.
  Time since last request: 0.000061 seconds.
  path: Assets/Imported Assets/Hut/Textures/Toilet_Mtl.tga
  artifactKey: Guid(b7e52b3fc2bb55943b8a177f0c807166) Importer(815301076,1909f56bfc062723c751e8b465ee728b)
Start importing Assets/Imported Assets/Hut/Textures/Toilet_Mtl.tga using Guid(b7e52b3fc2bb55943b8a177f0c807166) Importer(815301076,1909f56bfc062723c751e8b465ee728b)  -> (artifact id: '705a554c009e1528039703bfcdb58ca7') in 0.053904 seconds 
========================================================================
Received Import Request.
  Time since last request: 0.000077 seconds.
  path: Assets/Imported Assets/Hut/Textures/Toilet_N.tga
  artifactKey: Guid(6926a85decc9a74489aa86fe171f0a75) Importer(815301076,1909f56bfc062723c751e8b465ee728b)
Start importing Assets/Imported Assets/Hut/Textures/Toilet_N.tga using Guid(6926a85decc9a74489aa86fe171f0a75) Importer(815301076,1909f56bfc062723c751e8b465ee728b)  -> (artifact id: 'a3d90ea739e37fbaf9314de7f9997530') in 0.046457 seconds 
========================================================================
Received Import Request.
  Time since last request: 234.710468 seconds.
  path: Assets/Imported Assets/Tree9/bark14.png
  artifactKey: Guid(78e60ad3a8152ec46be748bb6d5a7cdf) Importer(815301076,1909f56bfc062723c751e8b465ee728b)
Start importing Assets/Imported Assets/Tree9/bark14.png using Guid(78e60ad3a8152ec46be748bb6d5a7cdf) Importer(815301076,1909f56bfc062723c751e8b465ee728b)  -> (artifact id: '2345f9aeb7b33e90673cb8b9ba9ca3fb') in 0.061782 seconds 
========================================================================
Received Import Request.
  Time since last request: 0.000082 seconds.
  path: Assets/Imported Assets/Tree9/bark14_N.png
  artifactKey: Guid(81f1d63919f88a547a8d97fe857cc586) Importer(815301076,1909f56bfc062723c751e8b465ee728b)
Start importing Assets/Imported Assets/Tree9/bark14_N.png using Guid(81f1d63919f88a547a8d97fe857cc586) Importer(815301076,1909f56bfc062723c751e8b465ee728b)  -> (artifact id: '60abafa36df8be6512c2e896c971b6f8') in 0.042206 seconds 
========================================================================
Received Import Request.
  Time since last request: 0.000037 seconds.
  path: Assets/Imported Assets/Tree9/Tree9_Leaf.fbx
  artifactKey: Guid(1de95aafaed1b594b88a317c6a6ac028) Importer(815301076,1909f56bfc062723c751e8b465ee728b)
Start importing Assets/Imported Assets/Tree9/Tree9_Leaf.fbx using Guid(1de95aafaed1b594b88a317c6a6ac028) Importer(815301076,1909f56bfc062723c751e8b465ee728b)  -> (artifact id: '50caacaf024d677a23b936c0de74593e') in 0.414174 seconds 
========================================================================
Received Import Request.
  Time since last request: 0.000034 seconds.
  path: Assets/Imported Assets/Tree9/Leafs19_N.png
  artifactKey: Guid(fa41cc63b7bd56f4da64009c1c218880) Importer(815301076,1909f56bfc062723c751e8b465ee728b)
Start importing Assets/Imported Assets/Tree9/Leafs19_N.png using Guid(fa41cc63b7bd56f4da64009c1c218880) Importer(815301076,1909f56bfc062723c751e8b465ee728b)  -> (artifact id: 'e3808d640bf3b3fd33e86be51989cc23') in 0.036771 seconds 
========================================================================
Received Import Request.
  Time since last request: 0.000055 seconds.
  path: Assets/Imported Assets/Tree9/Tree9_leafs.mat
  artifactKey: Guid(da780beb78a91484aa965294e12f428e) Importer(815301076,1909f56bfc062723c751e8b465ee728b)
Start importing Assets/Imported Assets/Tree9/Tree9_leafs.mat using Guid(da780beb78a91484aa965294e12f428e) Importer(815301076,1909f56bfc062723c751e8b465ee728b)  -> (artifact id: '8b20246c6954f203edb98e09eeed6986') in 0.047863 seconds 
========================================================================
Received Import Request.
  Time since last request: 0.000034 seconds.
  path: Assets/Imported Assets/Tree9/Tree9_5.prefab
  artifactKey: Guid(9b8fc966f95ea9c4194dc091fc40b478) Importer(815301076,1909f56bfc062723c751e8b465ee728b)
Start importing Assets/Imported Assets/Tree9/Tree9_5.prefab using Guid(9b8fc966f95ea9c4194dc091fc40b478) Importer(815301076,1909f56bfc062723c751e8b465ee728b)  -> (artifact id: '638ca3bdfe69c89cc61e5e95a91ed190') in 0.243743 seconds 
========================================================================
Received Import Request.
  Time since last request: 0.000042 seconds.
  path: Assets/Imported Assets/Tree9/Leafs19.tga
  artifactKey: Guid(58552de7d543f6e4095feb3806e56f4f) Importer(815301076,1909f56bfc062723c751e8b465ee728b)
Start importing Assets/Imported Assets/Tree9/Leafs19.tga using Guid(58552de7d543f6e4095feb3806e56f4f) Importer(815301076,1909f56bfc062723c751e8b465ee728b)  -> (artifact id: '4270f3c0e97922208f61b3d2b5b46ff7') in 0.035784 seconds 
========================================================================
Received Import Request.
  Time since last request: 2.820419 seconds.
  path: Assets/Imported Assets/Towers_PBR/Wooden_Tower/Wooden_Tower_Textures/Wooden_Tower_01_AO.png
  artifactKey: Guid(bf85a9f648c2c66479204ec650208067) Importer(815301076,1909f56bfc062723c751e8b465ee728b)
Start importing Assets/Imported Assets/Towers_PBR/Wooden_Tower/Wooden_Tower_Textures/Wooden_Tower_01_AO.png using Guid(bf85a9f648c2c66479204ec650208067) Importer(815301076,1909f56bfc062723c751e8b465ee728b)  -> (artifact id: '605f448434341f1203afc6c424802986') in 0.031284 seconds 
========================================================================
Received Import Request.
  Time since last request: 0.001407 seconds.
  path: Assets/Imported Assets/Towers_PBR/Wooden_Tower/Wooden_Tower_Textures/Wooden_Tower_01_M.png
  artifactKey: Guid(f989e318659507344857ed05048533a4) Importer(815301076,1909f56bfc062723c751e8b465ee728b)
Start importing Assets/Imported Assets/Towers_PBR/Wooden_Tower/Wooden_Tower_Textures/Wooden_Tower_01_M.png using Guid(f989e318659507344857ed05048533a4) Importer(815301076,1909f56bfc062723c751e8b465ee728b)  -> (artifact id: '6b7174eebcbcdc5ca06e5cd49ee36650') in 0.042224 seconds 
========================================================================
Received Import Request.
  Time since last request: 0.000032 seconds.
  path: Assets/Imported Assets/Towers_PBR/Wooden_Tower/Wooden_Tower_Textures/Wooden_Tower_02_R.png
  artifactKey: Guid(4a4725609b58f824c9ed511d9de3bfeb) Importer(815301076,1909f56bfc062723c751e8b465ee728b)
Start importing Assets/Imported Assets/Towers_PBR/Wooden_Tower/Wooden_Tower_Textures/Wooden_Tower_02_R.png using Guid(4a4725609b58f824c9ed511d9de3bfeb) Importer(815301076,1909f56bfc062723c751e8b465ee728b)  -> (artifact id: '4d705e74e17d87b7ac4069424325ef07') in 0.032097 seconds 
========================================================================
Received Import Request.
  Time since last request: 0.000039 seconds.
  path: Assets/Imported Assets/Towers_PBR/Wooden_Tower/Wooden_Tower_Textures/Wooden_Tower_02.png
  artifactKey: Guid(baf5f41179cbb8d408fa9dfe75aba0a7) Importer(815301076,1909f56bfc062723c751e8b465ee728b)
Start importing Assets/Imported Assets/Towers_PBR/Wooden_Tower/Wooden_Tower_Textures/Wooden_Tower_02.png using Guid(baf5f41179cbb8d408fa9dfe75aba0a7) Importer(815301076,1909f56bfc062723c751e8b465ee728b)  -> (artifact id: '9497cb4b7f973edfd8aeedc7cfd286ce') in 0.029837 seconds 
========================================================================
Received Import Request.
  Time since last request: 0.000042 seconds.
  path: Assets/Imported Assets/Towers_PBR/Wooden_Tower/Wooden_Tower_Textures/Wooden_Tower_01_R.png
  artifactKey: Guid(ba9c148918e8ba64db1b10b7f63794a3) Importer(815301076,1909f56bfc062723c751e8b465ee728b)
Start importing Assets/Imported Assets/Towers_PBR/Wooden_Tower/Wooden_Tower_Textures/Wooden_Tower_01_R.png using Guid(ba9c148918e8ba64db1b10b7f63794a3) Importer(815301076,1909f56bfc062723c751e8b465ee728b)  -> (artifact id: '9475fb18366aecdbdf99258165424d9b') in 0.040044 seconds 
========================================================================
Received Import Request.
  Time since last request: 23.774925 seconds.
  path: Assets/Terrain Stuffs/OwnGround.terrainlayer
  artifactKey: Guid(379a50e25f694f9448894ba01106dbd7) Importer(815301076,1909f56bfc062723c751e8b465ee728b)
Start importing Assets/Terrain Stuffs/OwnGround.terrainlayer using Guid(379a50e25f694f9448894ba01106dbd7) Importer(815301076,1909f56bfc062723c751e8b465ee728b)  -> (artifact id: 'cdc213cf792c2689ef4223cc81a7bdba') in 0.064876 seconds 
Editor requested this worker to shutdown with reason: Scaling down because of idle timeout
AssetImportWorker is now disconnected from the server
Process exiting
Exiting without the bug reporter. Application will terminate with return code 0