Using pre-set license
Built from '2021.3/staging' branch; Version is '2021.3.8f1 (b30333d56e81) revision 11731763'; Using compiler version '192829333'; Build Type 'Release'
OS: 'Windows 10  (10.0.19044) 64bit ProfessionalEducation' Language: 'en' Physical Memory: 16281 MB
BatchMode: 1, IsHumanControllingUs: 0, StartBugReporterOnCrash: 0, Is64bit: 1, IsPro: 1

COMMAND LINE ARGUMENTS:
C:\Program Files\Unity\Hub\Editor\2021.3.8f1\Editor\Unity.exe
-adb2
-batchMode
-noUpm
-name
AssetImportWorker3
-projectPath
C:/Users/sampu/Desktop/Unity Projects/Combined
-logFile
Logs/AssetImportWorker3.log
-srvPort
65465
Successfully changed project path to: C:/Users/sampu/Desktop/Unity Projects/Combined
C:/Users/sampu/Desktop/Unity Projects/Combined
[UnityMemory] Configuration Parameters - Can be set up in boot.config
    "memorysetup-bucket-allocator-granularity=16"
    "memorysetup-bucket-allocator-bucket-count=8"
    "memorysetup-bucket-allocator-block-size=33554432"
    "memorysetup-bucket-allocator-block-count=8"
    "memorysetup-main-allocator-block-size=16777216"
    "memorysetup-thread-allocator-block-size=16777216"
    "memorysetup-gfx-main-allocator-block-size=16777216"
    "memorysetup-gfx-thread-allocator-block-size=16777216"
    "memorysetup-cache-allocator-block-size=4194304"
    "memorysetup-typetree-allocator-block-size=2097152"
    "memorysetup-profiler-bucket-allocator-granularity=16"
    "memorysetup-profiler-bucket-allocator-bucket-count=8"
    "memorysetup-profiler-bucket-allocator-block-size=33554432"
    "memorysetup-profiler-bucket-allocator-block-count=8"
    "memorysetup-profiler-allocator-block-size=16777216"
    "memorysetup-profiler-editor-allocator-block-size=1048576"
    "memorysetup-temp-allocator-size-main=16777216"
    "memorysetup-job-temp-allocator-block-size=2097152"
    "memorysetup-job-temp-allocator-block-size-background=1048576"
    "memorysetup-job-temp-allocator-reduction-small-platforms=262144"
    "memorysetup-temp-allocator-size-background-worker=32768"
    "memorysetup-temp-allocator-size-job-worker=262144"
    "memorysetup-temp-allocator-size-preload-manager=33554432"
    "memorysetup-temp-allocator-size-nav-mesh-worker=65536"
    "memorysetup-temp-allocator-size-audio-worker=65536"
    "memorysetup-temp-allocator-size-cloud-worker=32768"
    "memorysetup-temp-allocator-size-gi-baking-worker=262144"
    "memorysetup-temp-allocator-size-gfx=262144"
Refreshing native plugins compatible for Editor in 210.45 ms, found 3 plugins.
Preloading 0 native plugins for Editor in 0.00 ms.
Initialize engine version: 2021.3.8f1 (b30333d56e81)
[Subsystems] Discovering subsystems at path C:/Program Files/Unity/Hub/Editor/2021.3.8f1/Editor/Data/Resources/UnitySubsystems
[Subsystems] Discovering subsystems at path C:/Users/sampu/Desktop/Unity Projects/Combined/Assets
GfxDevice: creating device client; threaded=0; jobified=0
Direct3D:
    Version:  Direct3D 11.0 [level 11.1]
    Renderer: Radeon (TM) 530 (ID=0x6900)
    Vendor:   ATI
    VRAM:     4086 MB
    Driver:   27.20.20913.2000
Initialize mono
Mono path[0] = 'C:/Program Files/Unity/Hub/Editor/2021.3.8f1/Editor/Data/Managed'
Mono path[1] = 'C:/Program Files/Unity/Hub/Editor/2021.3.8f1/Editor/Data/MonoBleedingEdge/lib/mono/unityjit-win32'
Mono config path = 'C:/Program Files/Unity/Hub/Editor/2021.3.8f1/Editor/Data/MonoBleedingEdge/etc'
Using monoOptions --debugger-agent=transport=dt_socket,embedding=1,server=y,suspend=n,address=127.0.0.1:56300
Begin MonoManager ReloadAssembly
Registering precompiled unity dll's ...
Register platform support module: C:/Program Files/Unity/Hub/Editor/2021.3.8f1/Editor/Data/PlaybackEngines/WindowsStandaloneSupport/UnityEditor.WindowsStandalone.Extensions.dll
Registered in 0.008894 seconds.
Native extension for WindowsStandalone target not found
Refreshing native plugins compatible for Editor in 140.65 ms, found 3 plugins.
Preloading 0 native plugins for Editor in 0.00 ms.
Mono: successfully reloaded assembly
- Completed reload, in  1.004 seconds
Domain Reload Profiling:
	ReloadAssembly (1005ms)
		BeginReloadAssembly (106ms)
			ExecutionOrderSort (0ms)
			DisableScriptedObjects (0ms)
			BackupInstance (0ms)
			ReleaseScriptingObjects (0ms)
			CreateAndSetChildDomain (1ms)
		EndReloadAssembly (725ms)
			LoadAssemblies (103ms)
			RebuildTransferFunctionScriptingTraits (0ms)
			SetupTypeCache (129ms)
			ReleaseScriptCaches (0ms)
			RebuildScriptCaches (38ms)
			SetupLoadedEditorAssemblies (490ms)
				LogAssemblyErrors (0ms)
				InitializePlatformSupportModulesInManaged (10ms)
				SetLoadedEditorAssemblies (0ms)
				RefreshPlugins (141ms)
				BeforeProcessingInitializeOnLoad (3ms)
				ProcessInitializeOnLoadAttributes (257ms)
				ProcessInitializeOnLoadMethodAttributes (80ms)
				AfterProcessingInitializeOnLoad (0ms)
				EditorAssembliesLoaded (0ms)
			ExecutionOrderSort2 (0ms)
			AwakeInstancesAfterBackupRestoration (0ms)
Platform modules already initialized, skipping
Registering precompiled user dll's ...
Registered in 0.007154 seconds.
Begin MonoManager ReloadAssembly
Symbol file LoadedFromMemory doesn't match image C:\Users\sampu\Desktop\Unity Projects\Combined\Library\PackageCache\com.unity.visualscripting@1.7.8\Editor\VisualScripting.Core\Dependencies\YamlDotNet\Unity.VisualScripting.YamlDotNet.dll
Symbol file LoadedFromMemory doesn't match image C:\Users\sampu\Desktop\Unity Projects\Combined\Library\PackageCache\com.unity.visualscripting@1.7.8\Editor\VisualScripting.Core\Dependencies\DotNetZip\Unity.VisualScripting.IonicZip.dll
Native extension for WindowsStandalone target not found
Refreshing native plugins compatible for Editor in 116.00 ms, found 3 plugins.
Preloading 0 native plugins for Editor in 0.00 ms.
Mono: successfully reloaded assembly
- Completed reload, in  1.653 seconds
Domain Reload Profiling:
	ReloadAssembly (1654ms)
		BeginReloadAssembly (137ms)
			ExecutionOrderSort (0ms)
			DisableScriptedObjects (7ms)
			BackupInstance (0ms)
			ReleaseScriptingObjects (0ms)
			CreateAndSetChildDomain (22ms)
		EndReloadAssembly (1373ms)
			LoadAssemblies (112ms)
			RebuildTransferFunctionScriptingTraits (0ms)
			SetupTypeCache (391ms)
			ReleaseScriptCaches (1ms)
			RebuildScriptCaches (70ms)
			SetupLoadedEditorAssemblies (736ms)
				LogAssemblyErrors (0ms)
				InitializePlatformSupportModulesInManaged (6ms)
				SetLoadedEditorAssemblies (1ms)
				RefreshPlugins (116ms)
				BeforeProcessingInitializeOnLoad (141ms)
				ProcessInitializeOnLoadAttributes (426ms)
				ProcessInitializeOnLoadMethodAttributes (36ms)
				AfterProcessingInitializeOnLoad (10ms)
				EditorAssembliesLoaded (0ms)
			ExecutionOrderSort2 (0ms)
			AwakeInstancesAfterBackupRestoration (9ms)
Platform modules already initialized, skipping
========================================================================
Worker process is ready to serve import requests
Launched and connected shader compiler UnityShaderCompiler.exe after 0.08 seconds
Refreshing native plugins compatible for Editor in 0.88 ms, found 3 plugins.
Preloading 0 native plugins for Editor in 0.00 ms.
Unloading 3896 Unused Serialized files (Serialized files now loaded: 0)
Unloading 43 unused Assets / (182.5 KB). Loaded Objects now: 4380.
Memory consumption went from 168.7 MB to 168.5 MB.
Total: 3.737600 ms (FindLiveObjects: 0.338800 ms CreateObjectMapping: 0.314200 ms MarkObjects: 2.949600 ms  DeleteObjects: 0.134200 ms)

AssetImportParameters requested are different than current active one (requested -> active):
  custom:video-decoder-ogg-theora: a1e56fd34408186e4bbccfd4996cb3dc -> 
  custom:container-muxer-webm: aa71ff27fc2769a1b78a27578f13a17b -> 
  custom:container-demuxer-webm: 4f35f7cbe854078d1ac9338744f61a02 -> 
  custom:video-encoder-webm-vp8: eb34c28f22e8b96e1ab97ce403110664 -> 
  custom:audio-encoder-webm-vorbis: bf7c407c2cedff20999df2af8eb42d56 -> 
  custom:framework-win-MediaFoundation: 216162199b28c13a410421893ffa2e32 -> 
  custom:container-demuxer-ogg: 62fdf1f143b41e24485cea50d1cbac27 -> 
  custom:video-decoder-webm-vp8: 9c59270c3fd7afecdb556c50c9e8de78 -> 
  custom:audio-decoder-ogg-vorbis: bf7c407c2cedff20999df2af8eb42d56 -> 
========================================================================
Received Import Request.
  Time since last request: 1184587.299625 seconds.
  path: Assets/Models/BowProjectile.prefab
  artifactKey: Guid(1a6fa5342e8fa71478f23590dbce4235) Importer(815301076,1909f56bfc062723c751e8b465ee728b)
Start importing Assets/Models/BowProjectile.prefab using Guid(1a6fa5342e8fa71478f23590dbce4235) Importer(815301076,1909f56bfc062723c751e8b465ee728b)  -> (artifact id: '2d974b8f2e0bd937c7df038238fe8b34') in 0.138577 seconds 
========================================================================
Received Import Request.
  Time since last request: 123.172184 seconds.
  path: Assets/Imported Asset Packages/ADG_Textures/ground_vol1/ground9/ground9_Diffuse.tga
  artifactKey: Guid(9d90663c9ea0d484eae41530ee2031c5) Importer(815301076,1909f56bfc062723c751e8b465ee728b)
Start importing Assets/Imported Asset Packages/ADG_Textures/ground_vol1/ground9/ground9_Diffuse.tga using Guid(9d90663c9ea0d484eae41530ee2031c5) Importer(815301076,1909f56bfc062723c751e8b465ee728b)  -> (artifact id: '140ebe1bdaf926346a20ca721bd380fa') in 0.053470 seconds 
========================================================================
Received Import Request.
  Time since last request: 0.000075 seconds.
  path: Assets/Imported Asset Packages/TerrainSampleAssets/Textures/Terrain/Soil_Rocks_BaseColor.tif
  artifactKey: Guid(e257fa53a087b404d8579225e1c7cddb) Importer(815301076,1909f56bfc062723c751e8b465ee728b)
Start importing Assets/Imported Asset Packages/TerrainSampleAssets/Textures/Terrain/Soil_Rocks_BaseColor.tif using Guid(e257fa53a087b404d8579225e1c7cddb) Importer(815301076,1909f56bfc062723c751e8b465ee728b)  -> (artifact id: '60ddeab910d37e2324c6e86484dc590c') in 0.037945 seconds 
========================================================================
Received Import Request.
  Time since last request: 0.000032 seconds.
  path: Assets/Imported Asset Packages/ADG_Textures/ground_vol1/ground11/ground11_Diffuse.tga
  artifactKey: Guid(c43f9982d7a1d574f8ad78bdc6fa59b6) Importer(815301076,1909f56bfc062723c751e8b465ee728b)
Start importing Assets/Imported Asset Packages/ADG_Textures/ground_vol1/ground11/ground11_Diffuse.tga using Guid(c43f9982d7a1d574f8ad78bdc6fa59b6) Importer(815301076,1909f56bfc062723c751e8b465ee728b)  -> (artifact id: '1abbaab71908031dd2fa876f03ca24a4') in 0.023637 seconds 
========================================================================
Received Import Request.
  Time since last request: 6.632075 seconds.
  path: Assets/Imported Asset Packages/ADG_Textures/ground_vol1/ground11/ground11_Normal.tga
  artifactKey: Guid(18065c20143a44f479d7c439a3455795) Importer(815301076,1909f56bfc062723c751e8b465ee728b)
Start importing Assets/Imported Asset Packages/ADG_Textures/ground_vol1/ground11/ground11_Normal.tga using Guid(18065c20143a44f479d7c439a3455795) Importer(815301076,1909f56bfc062723c751e8b465ee728b)  -> (artifact id: 'c7e9483a48cb91b8305ea9e635b379a0') in 0.032135 seconds 
========================================================================
Received Import Request.
  Time since last request: 29.863256 seconds.
  path: Assets/Imported Asset Packages/TerrainSampleAssets/Textures/Terrain/Rock_Normal.tif
  artifactKey: Guid(d39a1b9e5d5c7b9499f579fa5c70a2a3) Importer(815301076,1909f56bfc062723c751e8b465ee728b)
Start importing Assets/Imported Asset Packages/TerrainSampleAssets/Textures/Terrain/Rock_Normal.tif using Guid(d39a1b9e5d5c7b9499f579fa5c70a2a3) Importer(815301076,1909f56bfc062723c751e8b465ee728b)  -> (artifact id: '2e91486e922a2f5d698f6d5f425e39e8') in 0.040683 seconds 
========================================================================
Received Import Request.
  Time since last request: 387.459771 seconds.
  path: Assets/Imported Assets/Toby Fredson/Dwarven Expedition Pack - Stylized Assets/Materials/DungeonGateDEP_ST.mat
  artifactKey: Guid(db872190dd6beda4f8d77f0a3d7496ef) Importer(815301076,1909f56bfc062723c751e8b465ee728b)
Start importing Assets/Imported Assets/Toby Fredson/Dwarven Expedition Pack - Stylized Assets/Materials/DungeonGateDEP_ST.mat using Guid(db872190dd6beda4f8d77f0a3d7496ef) Importer(815301076,1909f56bfc062723c751e8b465ee728b)  -> (artifact id: '994adee86baa6b00e8a00bb176cd529c') in 0.104419 seconds 
========================================================================
Received Import Request.
  Time since last request: 0.000127 seconds.
  path: Assets/Imported Assets/Toby Fredson/Dwarven Expedition Pack - Stylized Assets/Materials/StoneArchDEP_ST.mat
  artifactKey: Guid(fb5e3a3fa2012614a9b0635e75754245) Importer(815301076,1909f56bfc062723c751e8b465ee728b)
Start importing Assets/Imported Assets/Toby Fredson/Dwarven Expedition Pack - Stylized Assets/Materials/StoneArchDEP_ST.mat using Guid(fb5e3a3fa2012614a9b0635e75754245) Importer(815301076,1909f56bfc062723c751e8b465ee728b)  -> (artifact id: 'cf49e282c43cb5d3d80e2d8f52cdb07d') in 0.136407 seconds 
========================================================================
Received Import Request.
  Time since last request: 0.000179 seconds.
  path: Assets/Imported Assets/Toby Fredson/Dwarven Expedition Pack - Stylized Assets/Materials/SuportBeamsDEP_ST.mat
  artifactKey: Guid(ab3ba6e4563fc554f9c03138239143aa) Importer(815301076,1909f56bfc062723c751e8b465ee728b)
Start importing Assets/Imported Assets/Toby Fredson/Dwarven Expedition Pack - Stylized Assets/Materials/SuportBeamsDEP_ST.mat using Guid(ab3ba6e4563fc554f9c03138239143aa) Importer(815301076,1909f56bfc062723c751e8b465ee728b)  -> (artifact id: '4cccb02ec39fef2d849bf8f6637fb90d') in 0.059842 seconds 
========================================================================
Received Import Request.
  Time since last request: 0.000054 seconds.
  path: Assets/Imported Assets/Toby Fredson/Dwarven Expedition Pack - Stylized Assets/Materials/DungeonStructureTowerDEP_ST.mat
  artifactKey: Guid(2697c580dc1962c4f9786a4da0e12629) Importer(815301076,1909f56bfc062723c751e8b465ee728b)
Start importing Assets/Imported Assets/Toby Fredson/Dwarven Expedition Pack - Stylized Assets/Materials/DungeonStructureTowerDEP_ST.mat using Guid(2697c580dc1962c4f9786a4da0e12629) Importer(815301076,1909f56bfc062723c751e8b465ee728b)  -> (artifact id: 'fd60fa19a94be5e63ae71c11d28ed625') in 0.132680 seconds 
========================================================================
Received Import Request.
  Time since last request: 0.000080 seconds.
  path: Assets/Imported Assets/Toby Fredson/Dwarven Expedition Pack - Stylized Assets/Materials/SandStoneDEEP B 1.mat
  artifactKey: Guid(b3d6a79f06f359e4db683348b961ea35) Importer(815301076,1909f56bfc062723c751e8b465ee728b)
Start importing Assets/Imported Assets/Toby Fredson/Dwarven Expedition Pack - Stylized Assets/Materials/SandStoneDEEP B 1.mat using Guid(b3d6a79f06f359e4db683348b961ea35) Importer(815301076,1909f56bfc062723c751e8b465ee728b)  -> (artifact id: '5731ad5de58b9cf374a62a3499e03549') in 0.061816 seconds 
========================================================================
Received Import Request.
  Time since last request: 0.000034 seconds.
  path: Assets/Imported Assets/Toby Fredson/Dwarven Expedition Pack - Stylized Assets/Materials/SandStoneDEEP B.mat
  artifactKey: Guid(cadf5a12f935c11459ff29629d3fb963) Importer(815301076,1909f56bfc062723c751e8b465ee728b)
Start importing Assets/Imported Assets/Toby Fredson/Dwarven Expedition Pack - Stylized Assets/Materials/SandStoneDEEP B.mat using Guid(cadf5a12f935c11459ff29629d3fb963) Importer(815301076,1909f56bfc062723c751e8b465ee728b)  -> (artifact id: 'b3299b7a4bc0539d979be5e62c5c1de2') in 0.057671 seconds 
Editor requested this worker to shutdown with reason: Scaling down because of idle timeout
AssetImportWorker is now disconnected from the server
Process exiting
Exiting without the bug reporter. Application will terminate with return code 0