Using pre-set license
Built from '2021.3/staging' branch; Version is '2021.3.8f1 (b30333d56e81) revision 11731763'; Using compiler version '192829333'; Build Type 'Release'
OS: 'Windows 10  (10.0.19044) 64bit ProfessionalEducation' Language: 'en' Physical Memory: 16281 MB
BatchMode: 1, IsHumanControllingUs: 0, StartBugReporterOnCrash: 0, Is64bit: 1, IsPro: 1

COMMAND LINE ARGUMENTS:
C:\Program Files\Unity\Hub\Editor\2021.3.8f1\Editor\Unity.exe
-adb2
-batchMode
-noUpm
-name
AssetImportWorker0
-projectPath
C:/Users/sampu/Desktop/Unity Projects/Combined
-logFile
Logs/AssetImportWorker0.log
-srvPort
65465
Successfully changed project path to: C:/Users/sampu/Desktop/Unity Projects/Combined
C:/Users/sampu/Desktop/Unity Projects/Combined
[UnityMemory] Configuration Parameters - Can be set up in boot.config
    "memorysetup-bucket-allocator-granularity=16"
    "memorysetup-bucket-allocator-bucket-count=8"
    "memorysetup-bucket-allocator-block-size=33554432"
    "memorysetup-bucket-allocator-block-count=8"
    "memorysetup-main-allocator-block-size=16777216"
    "memorysetup-thread-allocator-block-size=16777216"
    "memorysetup-gfx-main-allocator-block-size=16777216"
    "memorysetup-gfx-thread-allocator-block-size=16777216"
    "memorysetup-cache-allocator-block-size=4194304"
    "memorysetup-typetree-allocator-block-size=2097152"
    "memorysetup-profiler-bucket-allocator-granularity=16"
    "memorysetup-profiler-bucket-allocator-bucket-count=8"
    "memorysetup-profiler-bucket-allocator-block-size=33554432"
    "memorysetup-profiler-bucket-allocator-block-count=8"
    "memorysetup-profiler-allocator-block-size=16777216"
    "memorysetup-profiler-editor-allocator-block-size=1048576"
    "memorysetup-temp-allocator-size-main=16777216"
    "memorysetup-job-temp-allocator-block-size=2097152"
    "memorysetup-job-temp-allocator-block-size-background=1048576"
    "memorysetup-job-temp-allocator-reduction-small-platforms=262144"
    "memorysetup-temp-allocator-size-background-worker=32768"
    "memorysetup-temp-allocator-size-job-worker=262144"
    "memorysetup-temp-allocator-size-preload-manager=33554432"
    "memorysetup-temp-allocator-size-nav-mesh-worker=65536"
    "memorysetup-temp-allocator-size-audio-worker=65536"
    "memorysetup-temp-allocator-size-cloud-worker=32768"
    "memorysetup-temp-allocator-size-gi-baking-worker=262144"
    "memorysetup-temp-allocator-size-gfx=262144"
Refreshing native plugins compatible for Editor in 123.59 ms, found 3 plugins.
Preloading 0 native plugins for Editor in 0.00 ms.
Initialize engine version: 2021.3.8f1 (b30333d56e81)
[Subsystems] Discovering subsystems at path C:/Program Files/Unity/Hub/Editor/2021.3.8f1/Editor/Data/Resources/UnitySubsystems
[Subsystems] Discovering subsystems at path C:/Users/sampu/Desktop/Unity Projects/Combined/Assets
GfxDevice: creating device client; threaded=0; jobified=0
Direct3D:
    Version:  Direct3D 11.0 [level 11.1]
    Renderer: Radeon (TM) 530 (ID=0x6900)
    Vendor:   ATI
    VRAM:     4086 MB
    Driver:   27.20.20913.2000
Initialize mono
Mono path[0] = 'C:/Program Files/Unity/Hub/Editor/2021.3.8f1/Editor/Data/Managed'
Mono path[1] = 'C:/Program Files/Unity/Hub/Editor/2021.3.8f1/Editor/Data/MonoBleedingEdge/lib/mono/unityjit-win32'
Mono config path = 'C:/Program Files/Unity/Hub/Editor/2021.3.8f1/Editor/Data/MonoBleedingEdge/etc'
Using monoOptions --debugger-agent=transport=dt_socket,embedding=1,server=y,suspend=n,address=127.0.0.1:56992
Begin MonoManager ReloadAssembly
Registering precompiled unity dll's ...
Register platform support module: C:/Program Files/Unity/Hub/Editor/2021.3.8f1/Editor/Data/PlaybackEngines/WindowsStandaloneSupport/UnityEditor.WindowsStandalone.Extensions.dll
Registered in 0.008299 seconds.
Native extension for WindowsStandalone target not found
Refreshing native plugins compatible for Editor in 193.13 ms, found 3 plugins.
Preloading 0 native plugins for Editor in 0.00 ms.
Mono: successfully reloaded assembly
- Completed reload, in  0.900 seconds
Domain Reload Profiling:
	ReloadAssembly (900ms)
		BeginReloadAssembly (89ms)
			ExecutionOrderSort (0ms)
			DisableScriptedObjects (0ms)
			BackupInstance (0ms)
			ReleaseScriptingObjects (0ms)
			CreateAndSetChildDomain (1ms)
		EndReloadAssembly (675ms)
			LoadAssemblies (86ms)
			RebuildTransferFunctionScriptingTraits (0ms)
			SetupTypeCache (130ms)
			ReleaseScriptCaches (0ms)
			RebuildScriptCaches (40ms)
			SetupLoadedEditorAssemblies (437ms)
				LogAssemblyErrors (0ms)
				InitializePlatformSupportModulesInManaged (11ms)
				SetLoadedEditorAssemblies (0ms)
				RefreshPlugins (193ms)
				BeforeProcessingInitializeOnLoad (3ms)
				ProcessInitializeOnLoadAttributes (171ms)
				ProcessInitializeOnLoadMethodAttributes (58ms)
				AfterProcessingInitializeOnLoad (0ms)
				EditorAssembliesLoaded (0ms)
			ExecutionOrderSort2 (0ms)
			AwakeInstancesAfterBackupRestoration (0ms)
Platform modules already initialized, skipping
Registering precompiled user dll's ...
Registered in 0.007509 seconds.
Begin MonoManager ReloadAssembly
Symbol file LoadedFromMemory doesn't match image C:\Users\sampu\Desktop\Unity Projects\Combined\Library\PackageCache\com.unity.visualscripting@1.7.8\Editor\VisualScripting.Core\Dependencies\YamlDotNet\Unity.VisualScripting.YamlDotNet.dll
Symbol file LoadedFromMemory doesn't match image C:\Users\sampu\Desktop\Unity Projects\Combined\Library\PackageCache\com.unity.visualscripting@1.7.8\Editor\VisualScripting.Core\Dependencies\DotNetZip\Unity.VisualScripting.IonicZip.dll
Native extension for WindowsStandalone target not found
Refreshing native plugins compatible for Editor in 122.29 ms, found 3 plugins.
Preloading 0 native plugins for Editor in 0.00 ms.
Mono: successfully reloaded assembly
- Completed reload, in  1.635 seconds
Domain Reload Profiling:
	ReloadAssembly (1636ms)
		BeginReloadAssembly (140ms)
			ExecutionOrderSort (0ms)
			DisableScriptedObjects (7ms)
			BackupInstance (0ms)
			ReleaseScriptingObjects (0ms)
			CreateAndSetChildDomain (22ms)
		EndReloadAssembly (1336ms)
			LoadAssemblies (114ms)
			RebuildTransferFunctionScriptingTraits (0ms)
			SetupTypeCache (387ms)
			ReleaseScriptCaches (1ms)
			RebuildScriptCaches (73ms)
			SetupLoadedEditorAssemblies (709ms)
				LogAssemblyErrors (0ms)
				InitializePlatformSupportModulesInManaged (6ms)
				SetLoadedEditorAssemblies (0ms)
				RefreshPlugins (122ms)
				BeforeProcessingInitializeOnLoad (135ms)
				ProcessInitializeOnLoadAttributes (401ms)
				ProcessInitializeOnLoadMethodAttributes (33ms)
				AfterProcessingInitializeOnLoad (12ms)
				EditorAssembliesLoaded (0ms)
			ExecutionOrderSort2 (0ms)
			AwakeInstancesAfterBackupRestoration (7ms)
Platform modules already initialized, skipping
========================================================================
Worker process is ready to serve import requests
Launched and connected shader compiler UnityShaderCompiler.exe after 0.05 seconds
Refreshing native plugins compatible for Editor in 0.95 ms, found 3 plugins.
Preloading 0 native plugins for Editor in 0.00 ms.
Unloading 3892 Unused Serialized files (Serialized files now loaded: 0)
Unloading 43 unused Assets / (181.9 KB). Loaded Objects now: 4373.
Memory consumption went from 151.7 MB to 151.5 MB.
Total: 4.120600 ms (FindLiveObjects: 0.372200 ms CreateObjectMapping: 0.308400 ms MarkObjects: 3.290600 ms  DeleteObjects: 0.148400 ms)

AssetImportParameters requested are different than current active one (requested -> active):
  custom:video-decoder-ogg-theora: a1e56fd34408186e4bbccfd4996cb3dc -> 
  custom:container-muxer-webm: aa71ff27fc2769a1b78a27578f13a17b -> 
  custom:container-demuxer-webm: 4f35f7cbe854078d1ac9338744f61a02 -> 
  custom:video-encoder-webm-vp8: eb34c28f22e8b96e1ab97ce403110664 -> 
  custom:audio-encoder-webm-vorbis: bf7c407c2cedff20999df2af8eb42d56 -> 
  custom:framework-win-MediaFoundation: 216162199b28c13a410421893ffa2e32 -> 
  custom:container-demuxer-ogg: 62fdf1f143b41e24485cea50d1cbac27 -> 
  custom:video-decoder-webm-vp8: 9c59270c3fd7afecdb556c50c9e8de78 -> 
  custom:audio-decoder-ogg-vorbis: bf7c407c2cedff20999df2af8eb42d56 -> 
========================================================================
Received Import Request.
  Time since last request: 1181037.302989 seconds.
  path: Assets/New Terrain 1.asset
  artifactKey: Guid(e66c1803a1af6c041988d10d3ef14c59) Importer(815301076,1909f56bfc062723c751e8b465ee728b)
Start importing Assets/New Terrain 1.asset using Guid(e66c1803a1af6c041988d10d3ef14c59) Importer(815301076,1909f56bfc062723c751e8b465ee728b)  -> (artifact id: 'd03838d5e55d1ef77ff65419531d709b') in 0.121151 seconds 
========================================================================
Received Import Request.
  Time since last request: 4.436700 seconds.
  path: Assets/Materials
  artifactKey: Guid(5eda953bc892c5249ae0891c479a6290) Importer(815301076,1909f56bfc062723c751e8b465ee728b)
Start importing Assets/Materials using Guid(5eda953bc892c5249ae0891c479a6290) Importer(815301076,1909f56bfc062723c751e8b465ee728b)  -> (artifact id: '6b88db37831a7d862808acad12a4b3fb') in 0.014622 seconds 
========================================================================
Received Import Request.
  Time since last request: 1.656254 seconds.
  path: Assets/Scenes
  artifactKey: Guid(6ea315d0fd7389c41b19996891e99ae3) Importer(815301076,1909f56bfc062723c751e8b465ee728b)
Start importing Assets/Scenes using Guid(6ea315d0fd7389c41b19996891e99ae3) Importer(815301076,1909f56bfc062723c751e8b465ee728b)  -> (artifact id: 'b8193726cff86800c54781cdc6d54904') in 0.006797 seconds 
========================================================================
Received Import Request.
  Time since last request: 43.779636 seconds.
  path: Assets/Scenes/village scene.unity
  artifactKey: Guid(c04428e59ff31094b84657f11351c413) Importer(815301076,1909f56bfc062723c751e8b465ee728b)
Start importing Assets/Scenes/village scene.unity using Guid(c04428e59ff31094b84657f11351c413) Importer(815301076,1909f56bfc062723c751e8b465ee728b)  -> (artifact id: 'a636ac9b039149bd9736ea8cb11c8ab1') in 0.010926 seconds 
========================================================================
Received Import Request.
  Time since last request: 227.604652 seconds.
  path: Assets/TerrainData_1917c653-fab2-4f2f-b433-1faa15c2933d.asset
  artifactKey: Guid(dbc1a3e54950a9845b3e635b69bd3335) Importer(815301076,1909f56bfc062723c751e8b465ee728b)
Start importing Assets/TerrainData_1917c653-fab2-4f2f-b433-1faa15c2933d.asset using Guid(dbc1a3e54950a9845b3e635b69bd3335) Importer(815301076,1909f56bfc062723c751e8b465ee728b)  -> (artifact id: '1131edc8cb7bede8aa13bba803e4a66d') in 0.034294 seconds 
========================================================================
Received Import Request.
  Time since last request: 137.481376 seconds.
  path: Assets/Scenes/interior scene.unity
  artifactKey: Guid(9fc0d4010bbf28b4594072e72b8655ab) Importer(815301076,1909f56bfc062723c751e8b465ee728b)
Start importing Assets/Scenes/interior scene.unity using Guid(9fc0d4010bbf28b4594072e72b8655ab) Importer(815301076,1909f56bfc062723c751e8b465ee728b)  -> (artifact id: '9f798afb6bee86cd0ccded7e5de4e171') in 0.009856 seconds 
========================================================================
Received Import Request.
  Time since last request: 27.717560 seconds.
  path: Assets/Imported Assets
  artifactKey: Guid(f6cffd45bcaf31e4e836ee4c57f0bbcc) Importer(815301076,1909f56bfc062723c751e8b465ee728b)
Start importing Assets/Imported Assets using Guid(f6cffd45bcaf31e4e836ee4c57f0bbcc) Importer(815301076,1909f56bfc062723c751e8b465ee728b)  -> (artifact id: '0c14e20141eca9b98e0c8eb990ca1a05') in 0.011074 seconds 
========================================================================
Received Import Request.
  Time since last request: 5.392471 seconds.
  path: Assets
  artifactKey: Guid(00000000000000001000000000000000) Importer(815301076,1909f56bfc062723c751e8b465ee728b)
Start importing Assets using Guid(00000000000000001000000000000000) Importer(815301076,1909f56bfc062723c751e8b465ee728b)  -> (artifact id: '79842766b460edbeab6a34051e857a80') in 0.008823 seconds 
========================================================================
Received Import Request.
  Time since last request: 11.123867 seconds.
  path: Assets/Imported Scene
  artifactKey: Guid(f9c531a1b592ca34aa279c4f55a15cbb) Importer(815301076,1909f56bfc062723c751e8b465ee728b)
Start importing Assets/Imported Scene using Guid(f9c531a1b592ca34aa279c4f55a15cbb) Importer(815301076,1909f56bfc062723c751e8b465ee728b)  -> (artifact id: 'db90f85c6564ea2521c065ce3ae20834') in 0.006733 seconds 
========================================================================
Received Import Request.
  Time since last request: 1965.673244 seconds.
  path: Assets/Prefabs
  artifactKey: Guid(3c1e6bb5a16a43a4e92b7e33bf3b9fd9) Importer(815301076,1909f56bfc062723c751e8b465ee728b)
Start importing Assets/Prefabs using Guid(3c1e6bb5a16a43a4e92b7e33bf3b9fd9) Importer(815301076,1909f56bfc062723c751e8b465ee728b)  -> (artifact id: '302edf575c1e3c4afb1350784567990e') in 0.012794 seconds 
========================================================================
Received Import Request.
  Time since last request: 5.004686 seconds.
  path: Assets/Scenes/village scene.unity
  artifactKey: Guid(c04428e59ff31094b84657f11351c413) Importer(815301076,1909f56bfc062723c751e8b465ee728b)
Start importing Assets/Scenes/village scene.unity using Guid(c04428e59ff31094b84657f11351c413) Importer(815301076,1909f56bfc062723c751e8b465ee728b)  -> (artifact id: 'd4db1c4c28d7bfca4b825cf0513e1992') in 0.011243 seconds 
========================================================================
Received Import Request.
  Time since last request: 4.067002 seconds.
  path: Assets/Scripts
  artifactKey: Guid(6aa52516c99e6e2459e3fc83fb1fe698) Importer(815301076,1909f56bfc062723c751e8b465ee728b)
Start importing Assets/Scripts using Guid(6aa52516c99e6e2459e3fc83fb1fe698) Importer(815301076,1909f56bfc062723c751e8b465ee728b)  -> (artifact id: '50a890593b26843e060f78139b2e455a') in 0.008676 seconds 
========================================================================
Received Import Request.
  Time since last request: 121.025066 seconds.
  path: Assets/Scenes/SampleScene.unity
  artifactKey: Guid(abed4d41d3d4e234c929f34f7b2e92a7) Importer(815301076,1909f56bfc062723c751e8b465ee728b)
Start importing Assets/Scenes/SampleScene.unity using Guid(abed4d41d3d4e234c929f34f7b2e92a7) Importer(815301076,1909f56bfc062723c751e8b465ee728b)  -> (artifact id: '161d9d672c5e536f6fc83dbd2cc9bf6e') in 0.012406 seconds 
========================================================================
Received Import Request.
  Time since last request: 13.530533 seconds.
  path: Assets/OccaSoftware
  artifactKey: Guid(1ece74ed6fd7dba41a99488f837cd72a) Importer(815301076,1909f56bfc062723c751e8b465ee728b)
Start importing Assets/OccaSoftware using Guid(1ece74ed6fd7dba41a99488f837cd72a) Importer(815301076,1909f56bfc062723c751e8b465ee728b)  -> (artifact id: 'd15f2c86ccbca08ea36b6a97072dcf6b') in 0.009613 seconds 
========================================================================
Received Import Request.
  Time since last request: 5.576215 seconds.
  path: Assets/StarterAssets
  artifactKey: Guid(ef38ec2c12965f1449b6e32e6245515f) Importer(815301076,1909f56bfc062723c751e8b465ee728b)
Start importing Assets/StarterAssets using Guid(ef38ec2c12965f1449b6e32e6245515f) Importer(815301076,1909f56bfc062723c751e8b465ee728b)  -> (artifact id: 'e800743f9f95002ef40aca2bc7489f9f') in 0.009418 seconds 
========================================================================
Received Import Request.
  Time since last request: 0.435705 seconds.
  path: Assets/Terrain Stuffs
  artifactKey: Guid(80c9235ec786e0345843bfcaa42d2836) Importer(815301076,1909f56bfc062723c751e8b465ee728b)
Start importing Assets/Terrain Stuffs using Guid(80c9235ec786e0345843bfcaa42d2836) Importer(815301076,1909f56bfc062723c751e8b465ee728b)  -> (artifact id: 'c682f29d4c4caf468e65c610e20c1524') in 0.010583 seconds 
========================================================================
Received Import Request.
  Time since last request: 4.038719 seconds.
  path: Assets/Imported Asset Packages
  artifactKey: Guid(00dd39bfb49762947b9273914a4c73d6) Importer(815301076,1909f56bfc062723c751e8b465ee728b)
Start importing Assets/Imported Asset Packages using Guid(00dd39bfb49762947b9273914a4c73d6) Importer(815301076,1909f56bfc062723c751e8b465ee728b)  -> (artifact id: '5b23d3a14a5f315caa848bdd81ca7b6b') in 0.009716 seconds 
========================================================================
Received Import Request.
  Time since last request: 33.836825 seconds.
  path: Assets/Scenes/village.unity
  artifactKey: Guid(abed4d41d3d4e234c929f34f7b2e92a7) Importer(815301076,1909f56bfc062723c751e8b465ee728b)
Start importing Assets/Scenes/village.unity using Guid(abed4d41d3d4e234c929f34f7b2e92a7) Importer(815301076,1909f56bfc062723c751e8b465ee728b)  -> (artifact id: '53fcf158d4c063dc17694ac5cc80ac7b') in 0.007913 seconds 
========================================================================
Received Import Request.
  Time since last request: 218.074813 seconds.
  path: Assets/Imported Assets/ADG_Textures
  artifactKey: Guid(20c26b115503fdb48aa5f4350994d9f2) Importer(815301076,1909f56bfc062723c751e8b465ee728b)
Start importing Assets/Imported Assets/ADG_Textures using Guid(20c26b115503fdb48aa5f4350994d9f2) Importer(815301076,1909f56bfc062723c751e8b465ee728b)  -> (artifact id: 'afc90b7d8b1a98204fdd6cfb04126c33') in 0.010793 seconds 
========================================================================
Received Import Request.
  Time since last request: 0.370797 seconds.
  path: Assets/Imported Assets/Cabin
  artifactKey: Guid(b6ea279e5cf5d47449602868692e05fc) Importer(815301076,1909f56bfc062723c751e8b465ee728b)
Start importing Assets/Imported Assets/Cabin using Guid(b6ea279e5cf5d47449602868692e05fc) Importer(815301076,1909f56bfc062723c751e8b465ee728b)  -> (artifact id: 'eea7d5e1d34dc9edce531b90d9826f54') in 0.010402 seconds 
========================================================================
Received Import Request.
  Time since last request: 0.777242 seconds.
  path: Assets/Imported Assets/Toby Fredson
  artifactKey: Guid(1fdbc7efd42e8f74a8ac78bf7b0b44ed) Importer(815301076,1909f56bfc062723c751e8b465ee728b)
Start importing Assets/Imported Assets/Toby Fredson using Guid(1fdbc7efd42e8f74a8ac78bf7b0b44ed) Importer(815301076,1909f56bfc062723c751e8b465ee728b)  -> (artifact id: '6a108ba05b6ebb9b76378d4b098833f0') in 0.019488 seconds 
========================================================================
Received Import Request.
  Time since last request: 16.528703 seconds.
  path: Assets/Imported Assets/Toby Fredson/Dwarven Expedition Pack - Stylized Assets
  artifactKey: Guid(dc1c50d38a0491446a27c4c7a3f1ba48) Importer(815301076,1909f56bfc062723c751e8b465ee728b)
Start importing Assets/Imported Assets/Toby Fredson/Dwarven Expedition Pack - Stylized Assets using Guid(dc1c50d38a0491446a27c4c7a3f1ba48) Importer(815301076,1909f56bfc062723c751e8b465ee728b)  -> (artifact id: '0081986931952a297f81c6d34ad672c3') in 0.012561 seconds 
========================================================================
Received Import Request.
  Time since last request: 1.025002 seconds.
  path: Assets/Imported Assets/Toby Fredson/Dwarven Expedition Pack - Stylized Assets/Materials
  artifactKey: Guid(219ba607039e45e4e95da7cea8c75539) Importer(815301076,1909f56bfc062723c751e8b465ee728b)
Start importing Assets/Imported Assets/Toby Fredson/Dwarven Expedition Pack - Stylized Assets/Materials using Guid(219ba607039e45e4e95da7cea8c75539) Importer(815301076,1909f56bfc062723c751e8b465ee728b)  -> (artifact id: '67902e79e0e4ae5b1918cfcf367b3939') in 0.012513 seconds 
========================================================================
Received Import Request.
  Time since last request: 0.601429 seconds.
  path: Assets/Imported Assets/Toby Fredson/Dwarven Expedition Pack - Stylized Assets/Models
  artifactKey: Guid(877a4b5abc206e2438466a7344f169fb) Importer(815301076,1909f56bfc062723c751e8b465ee728b)
Start importing Assets/Imported Assets/Toby Fredson/Dwarven Expedition Pack - Stylized Assets/Models using Guid(877a4b5abc206e2438466a7344f169fb) Importer(815301076,1909f56bfc062723c751e8b465ee728b)  -> (artifact id: '80d94980477b933fc36ba4b200d91588') in 0.007077 seconds 
========================================================================
Received Import Request.
  Time since last request: 2.695148 seconds.
  path: Assets/Imported Assets/Toby Fredson/Dwarven Expedition Pack - Stylized Assets/Prefabs
  artifactKey: Guid(b8b1dbae1fff5ee4bbcf1f237fc2ca9a) Importer(815301076,1909f56bfc062723c751e8b465ee728b)
Start importing Assets/Imported Assets/Toby Fredson/Dwarven Expedition Pack - Stylized Assets/Prefabs using Guid(b8b1dbae1fff5ee4bbcf1f237fc2ca9a) Importer(815301076,1909f56bfc062723c751e8b465ee728b)  -> (artifact id: 'ff97fb15ac04f97f8d817ea9ca761cf9') in 0.002176 seconds 
========================================================================
Received Import Request.
  Time since last request: 2.219415 seconds.
  path: Assets/Imported Assets/Toby Fredson/Dwarven Expedition Pack - Stylized Assets/Prefabs/WallBlockA01ADEP.prefab
  artifactKey: Guid(a017b7cfc91c81844ae3bc1ed6d84d57) Importer(815301076,1909f56bfc062723c751e8b465ee728b)
Start importing Assets/Imported Assets/Toby Fredson/Dwarven Expedition Pack - Stylized Assets/Prefabs/WallBlockA01ADEP.prefab using Guid(a017b7cfc91c81844ae3bc1ed6d84d57) Importer(815301076,1909f56bfc062723c751e8b465ee728b)  -> (artifact id: '19237909d2990808a4c8b9f6ef974089') in 0.261771 seconds 
========================================================================
Received Import Request.
  Time since last request: 202.783114 seconds.
  path: Assets/Grass 1.terrainlayer
  artifactKey: Guid(ac53e156df251484a82d49f278b4606d) Importer(815301076,1909f56bfc062723c751e8b465ee728b)
Start importing Assets/Grass 1.terrainlayer using Guid(ac53e156df251484a82d49f278b4606d) Importer(815301076,1909f56bfc062723c751e8b465ee728b)  -> (artifact id: 'b8a073f03e6358288b57685690fa0603') in 0.059171 seconds 
========================================================================
Received Import Request.
  Time since last request: 5.055253 seconds.
  path: Assets/NewLayer 3.terrainlayer
  artifactKey: Guid(9815d6c6fc3adad419fc25450392cb03) Importer(815301076,1909f56bfc062723c751e8b465ee728b)
Start importing Assets/NewLayer 3.terrainlayer using Guid(9815d6c6fc3adad419fc25450392cb03) Importer(815301076,1909f56bfc062723c751e8b465ee728b)  -> (artifact id: 'ae363ebcbc97b913c14288f9c62d6b9a') in 0.043144 seconds 
========================================================================
Received Import Request.
  Time since last request: 0.000041 seconds.
  path: Assets/NewLayer 6.terrainlayer
  artifactKey: Guid(7d00cdcb7b2783c4d8e12ac1a0279e14) Importer(815301076,1909f56bfc062723c751e8b465ee728b)
Start importing Assets/NewLayer 6.terrainlayer using Guid(7d00cdcb7b2783c4d8e12ac1a0279e14) Importer(815301076,1909f56bfc062723c751e8b465ee728b)  -> (artifact id: '937c71c99807f6a6e3cbfb5a89d8ed3d') in 0.057223 seconds 
Editor requested this worker to shutdown with reason: Scaling down because of idle timeout
AssetImportWorker is now disconnected from the server
Process exiting
Exiting without the bug reporter. Application will terminate with return code 0